<?xml version="1.0" encoding="UTF-8"?>
<testsuite xmlns:xsi="http://www.w3.org/2001/XMLSchema-instance" xsi:noNamespaceSchemaLocation="https://maven.apache.org/surefire/maven-surefire-plugin/xsd/surefire-test-report-3.0.xsd" version="3.0" name="edu.hm.hafner.grading.AutoGradingActionTest" time="0.234" tests="1" errors="0" skipped="0" failures="0">
  <properties>
[...]
</properties>
  <testcase name="shouldReadDefaultConfigurationIfEnvironmentIsNotSet" classname="edu.hm.hafner.grading.AutoGradingActionTest" time="0.209">
    <system-out><![CDATA[No configuration provided (environment variable CONFIG not set), using default configuration
]]></system-out>
  </testcase>
</testsuite>