<?xml version="1.0" encoding="UTF-8"?>
<testsuite xmlns:xsi="http://www.w3.org/2001/XMLSchema-instance" xsi:noNamespaceSchemaLocation="https://maven.apache.org/surefire/maven-surefire-plugin/xsd/surefire-test-report-3.0.xsd" version="3.0" name="Aufgabe3Test" time="0.58" tests="1" errors="0" skipped="0" failures="1">
  <properties>
[...]
</properties>
  <testcase name="shouldSplitToEmptyRight(int)[1]" classname="Aufgabe3Test" time="0.092">
    <failure type="org.opentest4j.AssertionFailedError"><![CDATA[org.opentest4j.AssertionFailedError: 

Expecting:
 <[]>
to be equal to:
 <[[1, 2, 3, 4, 5, 6, 7, 8, 9, 10], []]]]><![CDATA[>
when comparing elements using recursive field/property by field/property comparator on all fields/properties
Comparators used:
- for elements fields (by type): {Double -> DoubleComparator[precision=1.0E-15], Float -> FloatComparator[precision=1.0E-6]}
- for elements (by type): {Double -> DoubleComparator[precision=1.0E-15], Float -> FloatComparator[precision=1.0E-6]}
but was not.
	at Aufgabe3Test.shouldSplitToEmptyRight(Aufgabe3Test.java:254)
]]></failure>
  </testcase>
  <testcase name="shouldSplitToEmptyRight(int)[2]" classname="Aufgabe3Test" time="0.002">
    <failure type="org.opentest4j.AssertionFailedError"><![CDATA[org.opentest4j.AssertionFailedError: 

Expecting:
 <[]>
to be equal to:
 <[[1, 2, 3, 4, 5, 6, 7, 8, 9, 10], []]]]><![CDATA[>
when comparing elements using recursive field/property by field/property comparator on all fields/properties
Comparators used:
- for elements fields (by type): {Double -> DoubleComparator[precision=1.0E-15], Float -> FloatComparator[precision=1.0E-6]}
- for elements (by type): {Double -> DoubleComparator[precision=1.0E-15], Float -> FloatComparator[precision=1.0E-6]}
but was not.
	at Aufgabe3Test.shouldSplitToEmptyRight(Aufgabe3Test.java:254)
]]></failure>
  </testcase>
  <testcase name="shouldSplitToEmptyRight(int)[3]" classname="Aufgabe3Test" time="0.003">
    <failure type="org.opentest4j.AssertionFailedError"><![CDATA[org.opentest4j.AssertionFailedError: 

Expecting:
 <[]>
to be equal to:
 <[[1, 2, 3, 4, 5, 6, 7, 8, 9, 10], []]]]><![CDATA[>
when comparing elements using recursive field/property by field/property comparator on all fields/properties
Comparators used:
- for elements fields (by type): {Double -> DoubleComparator[precision=1.0E-15], Float -> FloatComparator[precision=1.0E-6]}
- for elements (by type): {Double -> DoubleComparator[precision=1.0E-15], Float -> FloatComparator[precision=1.0E-6]}
but was not.
	at Aufgabe3Test.shouldSplitToEmptyRight(Aufgabe3Test.java:254)
]]></failure>
  </testcase>
  <testcase name="shouldCreateIntegersWithMorePredefinedValues" classname="Aufgabe3Test" time="0.006"/>
  <testcase name="shouldAppendAfter" classname="Aufgabe3Test" time="0.012"/>
  <testcase name="shouldContainIntegers" classname="Aufgabe3Test" time="0.002">
    <failure type="org.opentest4j.AssertionFailedError"><![CDATA[org.opentest4j.AssertionFailedError: 

Expecting value to be true but was false
	at Aufgabe3Test.shouldContainIntegers(Aufgabe3Test.java:186)
]]></failure>
  </testcase>
  <testcase name="shouldIntersectIntegers" classname="Aufgabe3Test" time="0.001"/>
  <testcase name="shouldSplit" classname="Aufgabe3Test" time="0.001">
    <failure type="org.opentest4j.AssertionFailedError"><![CDATA[org.opentest4j.AssertionFailedError: 

Expecting:
 <[]>
to be equal to:
 <[[], [1, 2, 3, 4, 5, 6, 7, 8, 9, 10]]]]><![CDATA[>
when comparing elements using recursive field/property by field/property comparator on all fields/properties
Comparators used:
- for elements fields (by type): {Double -> DoubleComparator[precision=1.0E-15], Float -> FloatComparator[precision=1.0E-6]}
- for elements (by type): {Double -> DoubleComparator[precision=1.0E-15], Float -> FloatComparator[precision=1.0E-6]}
but was not.
	at Aufgabe3Test.shouldSplit(Aufgabe3Test.java:219)
]]></failure>
  </testcase>
  <testcase name="shouldDetectArrayWithDuplicates(int[])[1]" classname="Aufgabe3Test" time="0.001"/>
  <testcase name="shouldDetectArrayWithDuplicates(int[])[2]" classname="Aufgabe3Test" time="0"/>
  <testcase name="shouldDetectArrayWithDuplicates(int[])[3]" classname="Aufgabe3Test" time="0"/>
  <testcase name="shouldDetectArrayWithDuplicates(int[])[4]" classname="Aufgabe3Test" time="0"/>
  <testcase name="shouldDetectArrayWithDuplicates(int[])[5]" classname="Aufgabe3Test" time="0.001"/>
  <testcase name="shouldAppendAfterAdditional" classname="Aufgabe3Test" time="0.002"/>
  <testcase name="shouldContainValue" classname="Aufgabe3Test" time="0.001"/>
  <testcase name="shouldReturnCopy" classname="Aufgabe3Test" time="0"/>
  <testcase name="shouldDetectArrayWithNoDuplicates(int[])[1]" classname="Aufgabe3Test" time="0"/>
  <testcase name="shouldDetectArrayWithNoDuplicates(int[])[2]" classname="Aufgabe3Test" time="0"/>
  <testcase name="shouldDetectArrayWithNoDuplicates(int[])[3]" classname="Aufgabe3Test" time="0.001"/>
  <testcase name="shouldDetectArrayWithNoDuplicates(int[])[4]" classname="Aufgabe3Test" time="0.001"/>
  <testcase name="shouldCreateLargeArray" classname="Aufgabe3Test" time="0.011"/>
  <testcase name="shouldRemoveDuplicates" classname="Aufgabe3Test" time="0.002">
    <failure type="java.lang.AssertionError"><![CDATA[java.lang.AssertionError: 

Expecting:
  <[0, 0]>
to contain exactly (and in same order):
  <[1]>
but some elements were not found:
  <[1]>
and others were not expected:
  <[0, 0]>

	at Aufgabe3Test.shouldRemoveDuplicates(Aufgabe3Test.java:299)
]]></failure>
  </testcase>
  <testcase name="shouldCreateIntegersWithPredefinedValues" classname="Aufgabe3Test" time="0.001"/>
  <testcase name="shouldInsertBeforeAdditional" classname="Aufgabe3Test" time="0.004">
    <failure type="java.lang.AssertionError"><![CDATA[java.lang.AssertionError: 

Expecting:
  <[1, 10]>
to be equal to:
  <[10, 1]>
when recursively comparing field by field, but found the following 2 differences:

field/property 'value' differ:
- actual value   : 10
- expected value : 1

field/property 'value' differ:
- actual value   : 1
- expected value : 10

The recursive comparison was performed with this configuration:
- no overridden equals methods were used in the comparison (except for java types)
- these types were compared with the following comparators:
  - java.lang.Double -> DoubleComparator[precision=1.0E-15]
  - java.lang.Float -> FloatComparator[precision=1.0E-6]
- actual and expected objects and their fields were compared field by field recursively even if they were not of the same type, this allows for example to compare a Person to a PersonDto (call strictTypeChecking(true) to change that behavior).

	at Aufgabe3Test.shouldInsertBeforeAdditional(Aufgabe3Test.java:152)
]]></failure>
  </testcase>
  <testcase name="shouldCreateEmptyIntegers" classname="Aufgabe3Test" time="0"/>
  <testcase name="shouldCheckForEquality" classname="Aufgabe3Test" time="0.001"/>
  <testcase name="shouldCreateIntegersWith10PredefinedValues" classname="Aufgabe3Test" time="0"/>
  <testcase name="shouldSplitToEmptyLeft(int)[1]" classname="Aufgabe3Test" time="0.002">
    <failure type="org.opentest4j.AssertionFailedError"><![CDATA[org.opentest4j.AssertionFailedError: 

Expecting:
 <[]>
to be equal to:
 <[[], [1, 2, 3, 4, 5, 6, 7, 8, 9, 10]]]]><![CDATA[>
when comparing elements using recursive field/property by field/property comparator on all fields/properties
Comparators used:
- for elements fields (by type): {Double -> DoubleComparator[precision=1.0E-15], Float -> FloatComparator[precision=1.0E-6]}
- for elements (by type): {Double -> DoubleComparator[precision=1.0E-15], Float -> FloatComparator[precision=1.0E-6]}
but was not.
	at Aufgabe3Test.shouldSplitToEmptyLeft(Aufgabe3Test.java:242)
]]></failure>
  </testcase>
  <testcase name="shouldSplitToEmptyLeft(int)[2]" classname="Aufgabe3Test" time="0.002">
    <failure type="org.opentest4j.AssertionFailedError"><![CDATA[org.opentest4j.AssertionFailedError: 

Expecting:
 <[]>
to be equal to:
 <[[], [1, 2, 3, 4, 5, 6, 7, 8, 9, 10]]]]><![CDATA[>
when comparing elements using recursive field/property by field/property comparator on all fields/properties
Comparators used:
- for elements fields (by type): {Double -> DoubleComparator[precision=1.0E-15], Float -> FloatComparator[precision=1.0E-6]}
- for elements (by type): {Double -> DoubleComparator[precision=1.0E-15], Float -> FloatComparator[precision=1.0E-6]}
but was not.
	at Aufgabe3Test.shouldSplitToEmptyLeft(Aufgabe3Test.java:242)
]]></failure>
  </testcase>
  <testcase name="shouldSplitToEmptyLeft(int)[3]" classname="Aufgabe3Test" time="0.002">
    <failure type="org.opentest4j.AssertionFailedError"><![CDATA[org.opentest4j.AssertionFailedError: 

Expecting:
 <[]>
to be equal to:
 <[[], [1, 2, 3, 4, 5, 6, 7, 8, 9, 10]]]]><![CDATA[>
when comparing elements using recursive field/property by field/property comparator on all fields/properties
Comparators used:
- for elements fields (by type): {Double -> DoubleComparator[precision=1.0E-15], Float -> FloatComparator[precision=1.0E-6]}
- for elements (by type): {Double -> DoubleComparator[precision=1.0E-15], Float -> FloatComparator[precision=1.0E-6]}
but was not.
	at Aufgabe3Test.shouldSplitToEmptyLeft(Aufgabe3Test.java:242)
]]></failure>
  </testcase>
  <testcase name="shouldCopyValues" classname="Aufgabe3Test" time="0.001">
    <failure type="java.lang.AssertionError"><![CDATA[java.lang.AssertionError: 

Expecting:
  <[-1, -1, -1]>
to contain exactly (and in same order):
  <[1, 2, 3]>
but some elements were not found:
  <[1, 2, 3]>
and others were not expected:
  <[-1, -1, -1]>

	at Aufgabe3Test.shouldCopyValues(Aufgabe3Test.java:63)
]]></failure>
  </testcase>
  <testcase name="shouldInsertBefore" classname="Aufgabe3Test" time="0.001"/>
  <testcase name="ALL_FINAL" classname="Aufgabe3Test" time="0.579">
    <failure type="java.lang.AssertionError"><![CDATA[java.lang.AssertionError: 
Architecture Violation [Priority: MEDIUM] - Rule 'classes that have simple name 'Integers' should have only final fields' was violated (1 times):
Field <Integers.value> is not final in (Integers.java:0)
]]></failure>
  </testcase>
</testsuite>