<?xml version="1.0" encoding="UTF-8"?>
<testsuite xmlns:xsi="http://www.w3.org/2001/XMLSchema-instance" xsi:noNamespaceSchemaLocation="https://maven.apache.org/surefire/maven-surefire-plugin/xsd/surefire-test-report-3.0.xsd" version="3.0" name="Aufgabe3Test" time="0.58" tests="1" errors="0" skipped="0" failures="1">
  <properties>
    <property name="gopherProxySet" value="false"/>
    <property name="awt.toolkit" value="sun.lwawt.macosx.LWCToolkit"/>
    <property name="java.specification.version" value="11"/>
    <property name="sun.cpu.isalist" value=""/>
    <property name="sun.jnu.encoding" value="UTF-8"/>
    <property name="java.class.path" value="/Users/hafner/Development/git/Modularbeit-01-24-2021-04-02-39/alexandra-rueffer/target/test-classes:/Users/hafner/Development/git/Modularbeit-01-24-2021-04-02-39/alexandra-rueffer/target/classes:/Users/hafner/.m2/repository/edu/hm/hafner/karatest/3.3.1/karatest-3.3.1.jar:/Users/hafner/.m2/repository/edu/hm/hafner/codingstyle/1.6.0/codingstyle-1.6.0.jar:/Users/hafner/.m2/repository/commons-io/commons-io/2.8.0/commons-io-2.8.0.jar:/Users/hafner/.m2/repository/org/apache/commons/commons-lang3/3.11/commons-lang3-3.11.jar:/Users/hafner/.m2/repository/edu/hm/hafner/karatest/3.3.1/karatest-3.3.1-tests.jar:/Users/hafner/.m2/repository/com/github/spotbugs/spotbugs-annotations/4.1.4/spotbugs-annotations-4.1.4.jar:/Users/hafner/.m2/repository/com/google/code/findbugs/jsr305/3.0.2/jsr305-3.0.2.jar:/Users/hafner/.m2/repository/com/google/errorprone/error_prone_annotations/2.5.1/error_prone_annotations-2.5.1.jar:/Users/hafner/.m2/repository/org/slf4j/slf4j-nop/1.7.30/slf4j-nop-1.7.30.jar:/Users/hafner/.m2/repository/org/slf4j/slf4j-api/1.7.30/slf4j-api-1.7.30.jar:/Users/hafner/.m2/repository/org/junit/jupiter/junit-jupiter-api/5.7.0/junit-jupiter-api-5.7.0.jar:/Users/hafner/.m2/repository/org/apiguardian/apiguardian-api/1.1.0/apiguardian-api-1.1.0.jar:/Users/hafner/.m2/repository/org/opentest4j/opentest4j/1.2.0/opentest4j-1.2.0.jar:/Users/hafner/.m2/repository/org/junit/platform/junit-platform-commons/1.7.0/junit-platform-commons-1.7.0.jar:/Users/hafner/.m2/repository/org/junit/jupiter/junit-jupiter-engine/5.7.0/junit-jupiter-engine-5.7.0.jar:/Users/hafner/.m2/repository/org/junit/platform/junit-platform-engine/1.7.0/junit-platform-engine-1.7.0.jar:/Users/hafner/.m2/repository/org/junit/platform/junit-platform-launcher/1.7.0/junit-platform-launcher-1.7.0.jar:/Users/hafner/.m2/repository/org/junit/jupiter/junit-jupiter-params/5.7.0/junit-jupiter-params-5.7.0.jar:/Users/hafner/.m2/repository/org/mockito/mockito-core/3.6.28/mockito-core-3.6.28.jar:/Users/hafner/.m2/repository/net/bytebuddy/byte-buddy/1.10.18/byte-buddy-1.10.18.jar:/Users/hafner/.m2/repository/net/bytebuddy/byte-buddy-agent/1.10.18/byte-buddy-agent-1.10.18.jar:/Users/hafner/.m2/repository/org/objenesis/objenesis/3.1/objenesis-3.1.jar:/Users/hafner/.m2/repository/org/assertj/assertj-core/3.18.1/assertj-core-3.18.1.jar:/Users/hafner/.m2/repository/com/tngtech/archunit/archunit-junit5-api/0.14.1/archunit-junit5-api-0.14.1.jar:/Users/hafner/.m2/repository/com/tngtech/archunit/archunit/0.14.1/archunit-0.14.1.jar:/Users/hafner/.m2/repository/com/tngtech/archunit/archunit-junit5-engine/0.14.1/archunit-junit5-engine-0.14.1.jar:/Users/hafner/.m2/repository/com/tngtech/archunit/archunit-junit5-engine-api/0.14.1/archunit-junit5-engine-api-0.14.1.jar:"/>
    <property name="java.vm.vendor" value="AdoptOpenJDK"/>
    <property name="sun.arch.data.model" value="64"/>
    <property name="java.vendor.url" value="https://adoptopenjdk.net/"/>
    <property name="user.timezone" value=""/>
    <property name="java.vm.specification.version" value="11"/>
    <property name="os.name" value="Mac OS X"/>
    <property name="sun.java.launcher" value="SUN_STANDARD"/>
    <property name="user.country" value="DE"/>
    <property name="sun.boot.library.path" value="/Library/Java/JavaVirtualMachines/adoptopenjdk-11.jdk/Contents/Home/lib"/>
    <property name="sun.java.command" value="/Users/hafner/Development/git/Modularbeit-01-24-2021-04-02-39/alexandra-rueffer/target/surefire/surefirebooter13583445079924110909.jar /Users/hafner/Development/git/Modularbeit-01-24-2021-04-02-39/alexandra-rueffer/target/surefire 2021-01-29T10-10-03_070-jvmRun1 surefire11400427435308968303tmp surefire_015064391706606896180tmp"/>
    <property name="http.nonProxyHosts" value="local|*.local|169.254/16|*.169.254/16"/>
    <property name="jdk.debug" value="release"/>
    <property name="surefire.test.class.path" value="/Users/hafner/Development/git/Modularbeit-01-24-2021-04-02-39/alexandra-rueffer/target/test-classes:/Users/hafner/Development/git/Modularbeit-01-24-2021-04-02-39/alexandra-rueffer/target/classes:/Users/hafner/.m2/repository/edu/hm/hafner/karatest/3.3.1/karatest-3.3.1.jar:/Users/hafner/.m2/repository/edu/hm/hafner/codingstyle/1.6.0/codingstyle-1.6.0.jar:/Users/hafner/.m2/repository/commons-io/commons-io/2.8.0/commons-io-2.8.0.jar:/Users/hafner/.m2/repository/org/apache/commons/commons-lang3/3.11/commons-lang3-3.11.jar:/Users/hafner/.m2/repository/edu/hm/hafner/karatest/3.3.1/karatest-3.3.1-tests.jar:/Users/hafner/.m2/repository/com/github/spotbugs/spotbugs-annotations/4.1.4/spotbugs-annotations-4.1.4.jar:/Users/hafner/.m2/repository/com/google/code/findbugs/jsr305/3.0.2/jsr305-3.0.2.jar:/Users/hafner/.m2/repository/com/google/errorprone/error_prone_annotations/2.5.1/error_prone_annotations-2.5.1.jar:/Users/hafner/.m2/repository/org/slf4j/slf4j-nop/1.7.30/slf4j-nop-1.7.30.jar:/Users/hafner/.m2/repository/org/slf4j/slf4j-api/1.7.30/slf4j-api-1.7.30.jar:/Users/hafner/.m2/repository/org/junit/jupiter/junit-jupiter-api/5.7.0/junit-jupiter-api-5.7.0.jar:/Users/hafner/.m2/repository/org/apiguardian/apiguardian-api/1.1.0/apiguardian-api-1.1.0.jar:/Users/hafner/.m2/repository/org/opentest4j/opentest4j/1.2.0/opentest4j-1.2.0.jar:/Users/hafner/.m2/repository/org/junit/platform/junit-platform-commons/1.7.0/junit-platform-commons-1.7.0.jar:/Users/hafner/.m2/repository/org/junit/jupiter/junit-jupiter-engine/5.7.0/junit-jupiter-engine-5.7.0.jar:/Users/hafner/.m2/repository/org/junit/platform/junit-platform-engine/1.7.0/junit-platform-engine-1.7.0.jar:/Users/hafner/.m2/repository/org/junit/platform/junit-platform-launcher/1.7.0/junit-platform-launcher-1.7.0.jar:/Users/hafner/.m2/repository/org/junit/jupiter/junit-jupiter-params/5.7.0/junit-jupiter-params-5.7.0.jar:/Users/hafner/.m2/repository/org/mockito/mockito-core/3.6.28/mockito-core-3.6.28.jar:/Users/hafner/.m2/repository/net/bytebuddy/byte-buddy/1.10.18/byte-buddy-1.10.18.jar:/Users/hafner/.m2/repository/net/bytebuddy/byte-buddy-agent/1.10.18/byte-buddy-agent-1.10.18.jar:/Users/hafner/.m2/repository/org/objenesis/objenesis/3.1/objenesis-3.1.jar:/Users/hafner/.m2/repository/org/assertj/assertj-core/3.18.1/assertj-core-3.18.1.jar:/Users/hafner/.m2/repository/com/tngtech/archunit/archunit-junit5-api/0.14.1/archunit-junit5-api-0.14.1.jar:/Users/hafner/.m2/repository/com/tngtech/archunit/archunit/0.14.1/archunit-0.14.1.jar:/Users/hafner/.m2/repository/com/tngtech/archunit/archunit-junit5-engine/0.14.1/archunit-junit5-engine-0.14.1.jar:/Users/hafner/.m2/repository/com/tngtech/archunit/archunit-junit5-engine-api/0.14.1/archunit-junit5-engine-api-0.14.1.jar:"/>
    <property name="sun.cpu.endian" value="little"/>
    <property name="user.home" value="/Users/hafner"/>
    <property name="user.language" value="de"/>
    <property name="java.specification.vendor" value="Oracle Corporation"/>
    <property name="java.version.date" value="2021-01-19"/>
    <property name="java.home" value="/Library/Java/JavaVirtualMachines/adoptopenjdk-11.jdk/Contents/Home"/>
    <property name="file.separator" value="/"/>
    <property name="basedir" value="/Users/hafner/Development/git/Modularbeit-01-24-2021-04-02-39/alexandra-rueffer"/>
    <property name="java.vm.compressedOopsMode" value="Zero based"/>
    <property name="line.separator" value="&#10;"/>
    <property name="java.specification.name" value="Java Platform API Specification"/>
    <property name="java.vm.specification.vendor" value="Oracle Corporation"/>
    <property name="java.awt.graphicsenv" value="sun.awt.CGraphicsEnvironment"/>
    <property name="surefire.real.class.path" value="/Users/hafner/Development/git/Modularbeit-01-24-2021-04-02-39/alexandra-rueffer/target/surefire/surefirebooter13583445079924110909.jar"/>
    <property name="java.util.logging.config.file" value="logging.properties"/>
    <property name="sun.management.compiler" value="HotSpot 64-Bit Tiered Compilers"/>
    <property name="ftp.nonProxyHosts" value="local|*.local|169.254/16|*.169.254/16"/>
    <property name="java.runtime.version" value="11.0.10+9"/>
    <property name="user.name" value="hafner"/>
    <property name="path.separator" value=":"/>
    <property name="os.version" value="10.16"/>
    <property name="java.runtime.name" value="OpenJDK Runtime Environment"/>
    <property name="file.encoding" value="UTF-8"/>
    <property name="java.vm.name" value="OpenJDK 64-Bit Server VM"/>
    <property name="java.vendor.version" value="AdoptOpenJDK"/>
    <property name="localRepository" value="/Users/hafner/.m2/repository"/>
    <property name="java.vendor.url.bug" value="https://github.com/AdoptOpenJDK/openjdk-support/issues"/>
    <property name="java.io.tmpdir" value="/var/folders/pg/qr8ry2kd4qjc151jhq9ksgx00000gn/T/"/>
    <property name="java.version" value="11.0.10"/>
    <property name="user.dir" value="/Users/hafner/Development/git/Modularbeit-01-24-2021-04-02-39/alexandra-rueffer"/>
    <property name="os.arch" value="x86_64"/>
    <property name="java.vm.specification.name" value="Java Virtual Machine Specification"/>
    <property name="java.awt.printerjob" value="sun.lwawt.macosx.CPrinterJob"/>
    <property name="sun.os.patch.level" value="unknown"/>
    <property name="java.library.path" value="/Users/hafner/Library/Java/Extensions:/Library/Java/Extensions:/Network/Library/Java/Extensions:/System/Library/Java/Extensions:/usr/lib/java:."/>
    <property name="java.vm.info" value="mixed mode"/>
    <property name="java.vendor" value="AdoptOpenJDK"/>
    <property name="java.vm.version" value="11.0.10+9"/>
    <property name="sun.io.unicode.encoding" value="UnicodeBig"/>
    <property name="java.class.version" value="55.0"/>
    <property name="socksNonProxyHosts" value="local|*.local|169.254/16|*.169.254/16"/>
  </properties>
  <testcase name="shouldSplitToEmptyRight(int)[1]" classname="Aufgabe3Test" time="0.092">
    <failure type="org.opentest4j.AssertionFailedError"><![CDATA[org.opentest4j.AssertionFailedError: 

Expecting:
 <[]>
to be equal to:
 <[[1, 2, 3, 4, 5, 6, 7, 8, 9, 10], []]]]><![CDATA[>
when comparing elements using recursive field/property by field/property comparator on all fields/properties
Comparators used:
- for elements fields (by type): {Double -> DoubleComparator[precision=1.0E-15], Float -> FloatComparator[precision=1.0E-6]}
- for elements (by type): {Double -> DoubleComparator[precision=1.0E-15], Float -> FloatComparator[precision=1.0E-6]}
but was not.
	at Aufgabe3Test.shouldSplitToEmptyRight(Aufgabe3Test.java:254)
]]></failure>
  </testcase>
  <testcase name="shouldSplitToEmptyRight(int)[2]" classname="Aufgabe3Test" time="0.002">
    <failure type="org.opentest4j.AssertionFailedError"><![CDATA[org.opentest4j.AssertionFailedError: 

Expecting:
 <[]>
to be equal to:
 <[[1, 2, 3, 4, 5, 6, 7, 8, 9, 10], []]]]><![CDATA[>
when comparing elements using recursive field/property by field/property comparator on all fields/properties
Comparators used:
- for elements fields (by type): {Double -> DoubleComparator[precision=1.0E-15], Float -> FloatComparator[precision=1.0E-6]}
- for elements (by type): {Double -> DoubleComparator[precision=1.0E-15], Float -> FloatComparator[precision=1.0E-6]}
but was not.
	at Aufgabe3Test.shouldSplitToEmptyRight(Aufgabe3Test.java:254)
]]></failure>
  </testcase>
  <testcase name="shouldSplitToEmptyRight(int)[3]" classname="Aufgabe3Test" time="0.003">
    <failure type="org.opentest4j.AssertionFailedError"><![CDATA[org.opentest4j.AssertionFailedError: 

Expecting:
 <[]>
to be equal to:
 <[[1, 2, 3, 4, 5, 6, 7, 8, 9, 10], []]]]><![CDATA[>
when comparing elements using recursive field/property by field/property comparator on all fields/properties
Comparators used:
- for elements fields (by type): {Double -> DoubleComparator[precision=1.0E-15], Float -> FloatComparator[precision=1.0E-6]}
- for elements (by type): {Double -> DoubleComparator[precision=1.0E-15], Float -> FloatComparator[precision=1.0E-6]}
but was not.
	at Aufgabe3Test.shouldSplitToEmptyRight(Aufgabe3Test.java:254)
]]></failure>
  </testcase>
  <testcase name="shouldCreateIntegersWithMorePredefinedValues" classname="Aufgabe3Test" time="0.006"/>
  <testcase name="shouldAppendAfter" classname="Aufgabe3Test" time="0.012"/>
  <testcase name="shouldContainIntegers" classname="Aufgabe3Test" time="0.002">
    <failure type="org.opentest4j.AssertionFailedError"><![CDATA[org.opentest4j.AssertionFailedError: 

Expecting value to be true but was false
	at Aufgabe3Test.shouldContainIntegers(Aufgabe3Test.java:186)
]]></failure>
  </testcase>
  <testcase name="shouldIntersectIntegers" classname="Aufgabe3Test" time="0.001"/>
  <testcase name="shouldSplit" classname="Aufgabe3Test" time="0.001">
    <failure type="org.opentest4j.AssertionFailedError"><![CDATA[org.opentest4j.AssertionFailedError: 

Expecting:
 <[]>
to be equal to:
 <[[], [1, 2, 3, 4, 5, 6, 7, 8, 9, 10]]]]><![CDATA[>
when comparing elements using recursive field/property by field/property comparator on all fields/properties
Comparators used:
- for elements fields (by type): {Double -> DoubleComparator[precision=1.0E-15], Float -> FloatComparator[precision=1.0E-6]}
- for elements (by type): {Double -> DoubleComparator[precision=1.0E-15], Float -> FloatComparator[precision=1.0E-6]}
but was not.
	at Aufgabe3Test.shouldSplit(Aufgabe3Test.java:219)
]]></failure>
  </testcase>
  <testcase name="shouldDetectArrayWithDuplicates(int[])[1]" classname="Aufgabe3Test" time="0.001"/>
  <testcase name="shouldDetectArrayWithDuplicates(int[])[2]" classname="Aufgabe3Test" time="0"/>
  <testcase name="shouldDetectArrayWithDuplicates(int[])[3]" classname="Aufgabe3Test" time="0"/>
  <testcase name="shouldDetectArrayWithDuplicates(int[])[4]" classname="Aufgabe3Test" time="0"/>
  <testcase name="shouldDetectArrayWithDuplicates(int[])[5]" classname="Aufgabe3Test" time="0.001"/>
  <testcase name="shouldAppendAfterAdditional" classname="Aufgabe3Test" time="0.002"/>
  <testcase name="shouldContainValue" classname="Aufgabe3Test" time="0.001"/>
  <testcase name="shouldReturnCopy" classname="Aufgabe3Test" time="0"/>
  <testcase name="shouldDetectArrayWithNoDuplicates(int[])[1]" classname="Aufgabe3Test" time="0"/>
  <testcase name="shouldDetectArrayWithNoDuplicates(int[])[2]" classname="Aufgabe3Test" time="0"/>
  <testcase name="shouldDetectArrayWithNoDuplicates(int[])[3]" classname="Aufgabe3Test" time="0.001"/>
  <testcase name="shouldDetectArrayWithNoDuplicates(int[])[4]" classname="Aufgabe3Test" time="0.001"/>
  <testcase name="shouldCreateLargeArray" classname="Aufgabe3Test" time="0.011"/>
  <testcase name="shouldRemoveDuplicates" classname="Aufgabe3Test" time="0.002">
    <failure type="java.lang.AssertionError"><![CDATA[java.lang.AssertionError: 

Expecting:
  <[0, 0]>
to contain exactly (and in same order):
  <[1]>
but some elements were not found:
  <[1]>
and others were not expected:
  <[0, 0]>

	at Aufgabe3Test.shouldRemoveDuplicates(Aufgabe3Test.java:299)
]]></failure>
  </testcase>
  <testcase name="shouldCreateIntegersWithPredefinedValues" classname="Aufgabe3Test" time="0.001"/>
  <testcase name="shouldInsertBeforeAdditional" classname="Aufgabe3Test" time="0.004">
    <failure type="java.lang.AssertionError"><![CDATA[java.lang.AssertionError: 

Expecting:
  <[1, 10]>
to be equal to:
  <[10, 1]>
when recursively comparing field by field, but found the following 2 differences:

field/property 'value' differ:
- actual value   : 10
- expected value : 1

field/property 'value' differ:
- actual value   : 1
- expected value : 10

The recursive comparison was performed with this configuration:
- no overridden equals methods were used in the comparison (except for java types)
- these types were compared with the following comparators:
  - java.lang.Double -> DoubleComparator[precision=1.0E-15]
  - java.lang.Float -> FloatComparator[precision=1.0E-6]
- actual and expected objects and their fields were compared field by field recursively even if they were not of the same type, this allows for example to compare a Person to a PersonDto (call strictTypeChecking(true) to change that behavior).

	at Aufgabe3Test.shouldInsertBeforeAdditional(Aufgabe3Test.java:152)
]]></failure>
  </testcase>
  <testcase name="shouldCreateEmptyIntegers" classname="Aufgabe3Test" time="0"/>
  <testcase name="shouldCheckForEquality" classname="Aufgabe3Test" time="0.001"/>
  <testcase name="shouldCreateIntegersWith10PredefinedValues" classname="Aufgabe3Test" time="0"/>
  <testcase name="shouldSplitToEmptyLeft(int)[1]" classname="Aufgabe3Test" time="0.002">
    <failure type="org.opentest4j.AssertionFailedError"><![CDATA[org.opentest4j.AssertionFailedError: 

Expecting:
 <[]>
to be equal to:
 <[[], [1, 2, 3, 4, 5, 6, 7, 8, 9, 10]]]]><![CDATA[>
when comparing elements using recursive field/property by field/property comparator on all fields/properties
Comparators used:
- for elements fields (by type): {Double -> DoubleComparator[precision=1.0E-15], Float -> FloatComparator[precision=1.0E-6]}
- for elements (by type): {Double -> DoubleComparator[precision=1.0E-15], Float -> FloatComparator[precision=1.0E-6]}
but was not.
	at Aufgabe3Test.shouldSplitToEmptyLeft(Aufgabe3Test.java:242)
]]></failure>
  </testcase>
  <testcase name="shouldSplitToEmptyLeft(int)[2]" classname="Aufgabe3Test" time="0.002">
    <failure type="org.opentest4j.AssertionFailedError"><![CDATA[org.opentest4j.AssertionFailedError: 

Expecting:
 <[]>
to be equal to:
 <[[], [1, 2, 3, 4, 5, 6, 7, 8, 9, 10]]]]><![CDATA[>
when comparing elements using recursive field/property by field/property comparator on all fields/properties
Comparators used:
- for elements fields (by type): {Double -> DoubleComparator[precision=1.0E-15], Float -> FloatComparator[precision=1.0E-6]}
- for elements (by type): {Double -> DoubleComparator[precision=1.0E-15], Float -> FloatComparator[precision=1.0E-6]}
but was not.
	at Aufgabe3Test.shouldSplitToEmptyLeft(Aufgabe3Test.java:242)
]]></failure>
  </testcase>
  <testcase name="shouldSplitToEmptyLeft(int)[3]" classname="Aufgabe3Test" time="0.002">
    <failure type="org.opentest4j.AssertionFailedError"><![CDATA[org.opentest4j.AssertionFailedError: 

Expecting:
 <[]>
to be equal to:
 <[[], [1, 2, 3, 4, 5, 6, 7, 8, 9, 10]]]]><![CDATA[>
when comparing elements using recursive field/property by field/property comparator on all fields/properties
Comparators used:
- for elements fields (by type): {Double -> DoubleComparator[precision=1.0E-15], Float -> FloatComparator[precision=1.0E-6]}
- for elements (by type): {Double -> DoubleComparator[precision=1.0E-15], Float -> FloatComparator[precision=1.0E-6]}
but was not.
	at Aufgabe3Test.shouldSplitToEmptyLeft(Aufgabe3Test.java:242)
]]></failure>
  </testcase>
  <testcase name="shouldCopyValues" classname="Aufgabe3Test" time="0.001">
    <failure type="java.lang.AssertionError"><![CDATA[java.lang.AssertionError: 

Expecting:
  <[-1, -1, -1]>
to contain exactly (and in same order):
  <[1, 2, 3]>
but some elements were not found:
  <[1, 2, 3]>
and others were not expected:
  <[-1, -1, -1]>

	at Aufgabe3Test.shouldCopyValues(Aufgabe3Test.java:63)
]]></failure>
  </testcase>
  <testcase name="shouldInsertBefore" classname="Aufgabe3Test" time="0.001"/>
  <testcase name="ALL_FINAL" classname="Aufgabe3Test" time="0.579">
    <failure type="java.lang.AssertionError"><![CDATA[java.lang.AssertionError: 
Architecture Violation [Priority: MEDIUM] - Rule 'classes that have simple name 'Integers' should have only final fields' was violated (1 times):
Field <Integers.value> is not final in (Integers.java:0)
]]></failure>
  </testcase>
</testsuite>