<?xml version="1.0" encoding="UTF-8" standalone="yes"?><!DOCTYPE report PUBLIC "-//JACOCO//DTD Report 1.1//EN"
        "report.dtd">
<report name="Autograding Plugin">
    <sessioninfo id="fa76bb1ec4b2-7ded6f1f" start="1587841082405" dump="1587841094946"/>
    <sessioninfo id="fa76bb1ec4b2-6024302b" start="1587841124548" dump="1587841159991"/>
    <sessioninfo id="fa76bb1ec4b2-728cfa6e" start="1587841161600" dump="1587841189401"/>
    <sessioninfo id="fa76bb1ec4b2-21c99a02" start="1587841348523" dump="1587841360478"/>
    <package name="io/jenkins/plugins/grading">
        <class name="io/jenkins/plugins/grading/CoverageConfiguration" sourcefilename="CoverageConfiguration.java">
            <method name="from" desc="(Lnet/sf/json/JSONObject;)Lio/jenkins/plugins/grading/CoverageConfiguration;"
                    line="30">
                <counter type="INSTRUCTION" missed="0" covered="5"/>
                <counter type="LINE" missed="0" covered="1"/>
                <counter type="COMPLEXITY" missed="0" covered="1"/>
                <counter type="METHOD" missed="0" covered="1"/>
            </method>
            <method name="&lt;init&gt;" desc="()V" line="37">
                <counter type="INSTRUCTION" missed="0" covered="6"/>
                <counter type="LINE" missed="0" covered="2"/>
                <counter type="COMPLEXITY" missed="0" covered="1"/>
                <counter type="METHOD" missed="0" covered="1"/>
            </method>
            <method name="&lt;init&gt;" desc="(III)V" line="42">
                <counter type="INSTRUCTION" missed="0" covered="10"/>
                <counter type="LINE" missed="0" covered="4"/>
                <counter type="COMPLEXITY" missed="0" covered="1"/>
                <counter type="METHOD" missed="0" covered="1"/>
            </method>
            <method name="getCoveredImpact" desc="()I" line="49">
                <counter type="INSTRUCTION" missed="0" covered="3"/>
                <counter type="LINE" missed="0" covered="1"/>
                <counter type="COMPLEXITY" missed="0" covered="1"/>
                <counter type="METHOD" missed="0" covered="1"/>
            </method>
            <method name="setCoveredImpact" desc="(I)V" line="54">
                <counter type="INSTRUCTION" missed="0" covered="4"/>
                <counter type="LINE" missed="0" covered="2"/>
                <counter type="COMPLEXITY" missed="0" covered="1"/>
                <counter type="METHOD" missed="0" covered="1"/>
            </method>
            <method name="getMissedImpact" desc="()I" line="58">
                <counter type="INSTRUCTION" missed="0" covered="3"/>
                <counter type="LINE" missed="0" covered="1"/>
                <counter type="COMPLEXITY" missed="0" covered="1"/>
                <counter type="METHOD" missed="0" covered="1"/>
            </method>
            <method name="setMissedImpact" desc="(I)V" line="63">
                <counter type="INSTRUCTION" missed="0" covered="4"/>
                <counter type="LINE" missed="0" covered="2"/>
                <counter type="COMPLEXITY" missed="0" covered="1"/>
                <counter type="METHOD" missed="0" covered="1"/>
            </method>
            <counter type="INSTRUCTION" missed="0" covered="35"/>
            <counter type="LINE" missed="0" covered="13"/>
            <counter type="COMPLEXITY" missed="0" covered="7"/>
            <counter type="METHOD" missed="0" covered="7"/>
            <counter type="CLASS" missed="0" covered="1"/>
        </class>
        <class name="io/jenkins/plugins/grading/AnalysisConfiguration" sourcefilename="AnalysisConfiguration.java">
            <method name="from" desc="(Lnet/sf/json/JSONObject;)Lio/jenkins/plugins/grading/AnalysisConfiguration;"
                    line="33">
                <counter type="INSTRUCTION" missed="0" covered="5"/>
                <counter type="LINE" missed="0" covered="1"/>
                <counter type="COMPLEXITY" missed="0" covered="1"/>
                <counter type="METHOD" missed="0" covered="1"/>
            </method>
            <method name="&lt;init&gt;" desc="()V" line="40">
                <counter type="INSTRUCTION" missed="0" covered="8"/>
                <counter type="LINE" missed="0" covered="2"/>
                <counter type="COMPLEXITY" missed="0" covered="1"/>
                <counter type="METHOD" missed="0" covered="1"/>
            </method>
            <method name="&lt;init&gt;" desc="(IIIII)V" line="45">
                <counter type="INSTRUCTION" missed="0" covered="16"/>
                <counter type="LINE" missed="0" covered="6"/>
                <counter type="COMPLEXITY" missed="0" covered="1"/>
                <counter type="METHOD" missed="0" covered="1"/>
            </method>
            <method name="getErrorImpact" desc="()I" line="54">
                <counter type="INSTRUCTION" missed="0" covered="3"/>
                <counter type="LINE" missed="0" covered="1"/>
                <counter type="COMPLEXITY" missed="0" covered="1"/>
                <counter type="METHOD" missed="0" covered="1"/>
            </method>
            <method name="setErrorImpact" desc="(I)V" line="59">
                <counter type="INSTRUCTION" missed="0" covered="4"/>
                <counter type="LINE" missed="0" covered="2"/>
                <counter type="COMPLEXITY" missed="0" covered="1"/>
                <counter type="METHOD" missed="0" covered="1"/>
            </method>
            <method name="getHighImpact" desc="()I" line="63">
                <counter type="INSTRUCTION" missed="0" covered="3"/>
                <counter type="LINE" missed="0" covered="1"/>
                <counter type="COMPLEXITY" missed="0" covered="1"/>
                <counter type="METHOD" missed="0" covered="1"/>
            </method>
            <method name="setHighImpact" desc="(I)V" line="68">
                <counter type="INSTRUCTION" missed="0" covered="4"/>
                <counter type="LINE" missed="0" covered="2"/>
                <counter type="COMPLEXITY" missed="0" covered="1"/>
                <counter type="METHOD" missed="0" covered="1"/>
            </method>
            <method name="getNormalImpact" desc="()I" line="72">
                <counter type="INSTRUCTION" missed="0" covered="3"/>
                <counter type="LINE" missed="0" covered="1"/>
                <counter type="COMPLEXITY" missed="0" covered="1"/>
                <counter type="METHOD" missed="0" covered="1"/>
            </method>
            <method name="setNormalImpact" desc="(I)V" line="77">
                <counter type="INSTRUCTION" missed="0" covered="4"/>
                <counter type="LINE" missed="0" covered="2"/>
                <counter type="COMPLEXITY" missed="0" covered="1"/>
                <counter type="METHOD" missed="0" covered="1"/>
            </method>
            <method name="setLowImpact" desc="(I)V" line="82">
                <counter type="INSTRUCTION" missed="0" covered="4"/>
                <counter type="LINE" missed="0" covered="2"/>
                <counter type="COMPLEXITY" missed="0" covered="1"/>
                <counter type="METHOD" missed="0" covered="1"/>
            </method>
            <method name="getLowImpact" desc="()I" line="86">
                <counter type="INSTRUCTION" missed="0" covered="3"/>
                <counter type="LINE" missed="0" covered="1"/>
                <counter type="COMPLEXITY" missed="0" covered="1"/>
                <counter type="METHOD" missed="0" covered="1"/>
            </method>
            <counter type="INSTRUCTION" missed="0" covered="57"/>
            <counter type="LINE" missed="0" covered="21"/>
            <counter type="COMPLEXITY" missed="0" covered="11"/>
            <counter type="METHOD" missed="0" covered="11"/>
            <counter type="CLASS" missed="0" covered="1"/>
        </class>
        <class name="io/jenkins/plugins/grading/CoverageConfiguration$CoverageConfigurationBuilder"
               sourcefilename="CoverageConfiguration.java">
            <method name="&lt;init&gt;" desc="()V" line="89">
                <counter type="INSTRUCTION" missed="0" covered="9"/>
                <counter type="LINE" missed="0" covered="3"/>
                <counter type="COMPLEXITY" missed="0" covered="1"/>
                <counter type="METHOD" missed="0" covered="1"/>
            </method>
            <method name="setMaxScore"
                    desc="(I)Lio/jenkins/plugins/grading/CoverageConfiguration$CoverageConfigurationBuilder;" line="95">
                <counter type="INSTRUCTION" missed="0" covered="5"/>
                <counter type="LINE" missed="0" covered="1"/>
                <counter type="COMPLEXITY" missed="0" covered="1"/>
                <counter type="METHOD" missed="0" covered="1"/>
            </method>
            <method name="setCoveredImpact"
                    desc="(I)Lio/jenkins/plugins/grading/CoverageConfiguration$CoverageConfigurationBuilder;"
                    line="107">
                <counter type="INSTRUCTION" missed="0" covered="5"/>
                <counter type="LINE" missed="0" covered="2"/>
                <counter type="COMPLEXITY" missed="0" covered="1"/>
                <counter type="METHOD" missed="0" covered="1"/>
            </method>
            <method name="setMissedImpact"
                    desc="(I)Lio/jenkins/plugins/grading/CoverageConfiguration$CoverageConfigurationBuilder;"
                    line="120">
                <counter type="INSTRUCTION" missed="0" covered="5"/>
                <counter type="LINE" missed="0" covered="2"/>
                <counter type="COMPLEXITY" missed="0" covered="1"/>
                <counter type="METHOD" missed="0" covered="1"/>
            </method>
            <method name="build" desc="()Lio/jenkins/plugins/grading/CoverageConfiguration;" line="130">
                <counter type="INSTRUCTION" missed="0" covered="11"/>
                <counter type="LINE" missed="0" covered="1"/>
                <counter type="COMPLEXITY" missed="0" covered="1"/>
                <counter type="METHOD" missed="0" covered="1"/>
            </method>
            <counter type="INSTRUCTION" missed="0" covered="35"/>
            <counter type="LINE" missed="0" covered="9"/>
            <counter type="COMPLEXITY" missed="0" covered="5"/>
            <counter type="METHOD" missed="0" covered="5"/>
            <counter type="CLASS" missed="0" covered="1"/>
        </class>
        <class name="io/jenkins/plugins/grading/AnalysisScore" sourcefilename="AnalysisScore.java">
            <method name="&lt;init&gt;"
                    desc="(Ljava/lang/String;Lio/jenkins/plugins/grading/AnalysisConfiguration;Lio/jenkins/plugins/analysis/core/model/AnalysisResult;)V"
                    line="37">
                <counter type="INSTRUCTION" missed="0" covered="31"/>
                <counter type="LINE" missed="0" covered="8"/>
                <counter type="COMPLEXITY" missed="0" covered="1"/>
                <counter type="METHOD" missed="0" covered="1"/>
            </method>
            <method name="computeImpact" desc="(Lio/jenkins/plugins/grading/AnalysisConfiguration;)I" line="49">
                <counter type="INSTRUCTION" missed="0" covered="36"/>
                <counter type="LINE" missed="0" covered="6"/>
                <counter type="COMPLEXITY" missed="0" covered="1"/>
                <counter type="METHOD" missed="0" covered="1"/>
            </method>
            <method name="getErrorsSize" desc="()I" line="60">
                <counter type="INSTRUCTION" missed="0" covered="3"/>
                <counter type="LINE" missed="0" covered="1"/>
                <counter type="COMPLEXITY" missed="0" covered="1"/>
                <counter type="METHOD" missed="0" covered="1"/>
            </method>
            <method name="getHighPrioritySize" desc="()I" line="64">
                <counter type="INSTRUCTION" missed="0" covered="3"/>
                <counter type="LINE" missed="0" covered="1"/>
                <counter type="COMPLEXITY" missed="0" covered="1"/>
                <counter type="METHOD" missed="0" covered="1"/>
            </method>
            <method name="getNormalPrioritySize" desc="()I" line="68">
                <counter type="INSTRUCTION" missed="0" covered="3"/>
                <counter type="LINE" missed="0" covered="1"/>
                <counter type="COMPLEXITY" missed="0" covered="1"/>
                <counter type="METHOD" missed="0" covered="1"/>
            </method>
            <method name="getLowPrioritySize" desc="()I" line="72">
                <counter type="INSTRUCTION" missed="0" covered="3"/>
                <counter type="LINE" missed="0" covered="1"/>
                <counter type="COMPLEXITY" missed="0" covered="1"/>
                <counter type="METHOD" missed="0" covered="1"/>
            </method>
            <method name="getTotalSize" desc="()I" line="76">
                <counter type="INSTRUCTION" missed="3" covered="0"/>
                <counter type="LINE" missed="1" covered="0"/>
                <counter type="COMPLEXITY" missed="1" covered="0"/>
                <counter type="METHOD" missed="1" covered="0"/>
            </method>
            <counter type="INSTRUCTION" missed="3" covered="79"/>
            <counter type="LINE" missed="1" covered="18"/>
            <counter type="COMPLEXITY" missed="1" covered="6"/>
            <counter type="METHOD" missed="1" covered="6"/>
            <counter type="CLASS" missed="0" covered="1"/>
        </class>
        <class name="io/jenkins/plugins/grading/PitConfiguration" sourcefilename="PitConfiguration.java">
            <method name="from" desc="(Lnet/sf/json/JSONObject;)Lio/jenkins/plugins/grading/PitConfiguration;"
                    line="31">
                <counter type="INSTRUCTION" missed="0" covered="5"/>
                <counter type="LINE" missed="0" covered="1"/>
                <counter type="COMPLEXITY" missed="0" covered="1"/>
                <counter type="METHOD" missed="0" covered="1"/>
            </method>
            <method name="&lt;init&gt;" desc="()V" line="39">
                <counter type="INSTRUCTION" missed="0" covered="7"/>
                <counter type="LINE" missed="0" covered="2"/>
                <counter type="COMPLEXITY" missed="0" covered="1"/>
                <counter type="METHOD" missed="0" covered="1"/>
            </method>
            <method name="&lt;init&gt;" desc="(IIII)V" line="44">
                <counter type="INSTRUCTION" missed="0" covered="13"/>
                <counter type="LINE" missed="0" covered="5"/>
                <counter type="COMPLEXITY" missed="0" covered="1"/>
                <counter type="METHOD" missed="0" covered="1"/>
            </method>
            <method name="getUndetectedImpact" desc="()I" line="52">
                <counter type="INSTRUCTION" missed="0" covered="3"/>
                <counter type="LINE" missed="0" covered="1"/>
                <counter type="COMPLEXITY" missed="0" covered="1"/>
                <counter type="METHOD" missed="0" covered="1"/>
            </method>
            <method name="setUndetectedImpact" desc="(I)V" line="57">
                <counter type="INSTRUCTION" missed="0" covered="4"/>
                <counter type="LINE" missed="0" covered="2"/>
                <counter type="COMPLEXITY" missed="0" covered="1"/>
                <counter type="METHOD" missed="0" covered="1"/>
            </method>
            <method name="getDetectedImpact" desc="()I" line="61">
                <counter type="INSTRUCTION" missed="0" covered="3"/>
                <counter type="LINE" missed="0" covered="1"/>
                <counter type="COMPLEXITY" missed="0" covered="1"/>
                <counter type="METHOD" missed="0" covered="1"/>
            </method>
            <method name="setDetectedImpact" desc="(I)V" line="66">
                <counter type="INSTRUCTION" missed="0" covered="4"/>
                <counter type="LINE" missed="0" covered="2"/>
                <counter type="COMPLEXITY" missed="0" covered="1"/>
                <counter type="METHOD" missed="0" covered="1"/>
            </method>
            <method name="getRatioImpact" desc="()I" line="70">
                <counter type="INSTRUCTION" missed="0" covered="3"/>
                <counter type="LINE" missed="0" covered="1"/>
                <counter type="COMPLEXITY" missed="0" covered="1"/>
                <counter type="METHOD" missed="0" covered="1"/>
            </method>
            <method name="setRatioImpact" desc="(I)V" line="75">
                <counter type="INSTRUCTION" missed="0" covered="4"/>
                <counter type="LINE" missed="0" covered="2"/>
                <counter type="COMPLEXITY" missed="0" covered="1"/>
                <counter type="METHOD" missed="0" covered="1"/>
            </method>
            <counter type="INSTRUCTION" missed="0" covered="46"/>
            <counter type="LINE" missed="0" covered="17"/>
            <counter type="COMPLEXITY" missed="0" covered="9"/>
            <counter type="METHOD" missed="0" covered="9"/>
            <counter type="CLASS" missed="0" covered="1"/>
        </class>
        <class name="io/jenkins/plugins/grading/Score" sourcefilename="Score.java">
            <method name="&lt;init&gt;" desc="(Ljava/lang/String;Ljava/lang/String;)V" line="21">
                <counter type="INSTRUCTION" missed="0" covered="15"/>
                <counter type="LINE" missed="0" covered="6"/>
                <counter type="COMPLEXITY" missed="0" covered="1"/>
                <counter type="METHOD" missed="0" covered="1"/>
            </method>
            <method name="getId" desc="()Ljava/lang/String;" line="30">
                <counter type="INSTRUCTION" missed="0" covered="3"/>
                <counter type="LINE" missed="0" covered="1"/>
                <counter type="COMPLEXITY" missed="0" covered="1"/>
                <counter type="METHOD" missed="0" covered="1"/>
            </method>
            <method name="getName" desc="()Ljava/lang/String;" line="34">
                <counter type="INSTRUCTION" missed="0" covered="3"/>
                <counter type="LINE" missed="0" covered="1"/>
                <counter type="COMPLEXITY" missed="0" covered="1"/>
                <counter type="METHOD" missed="0" covered="1"/>
            </method>
            <method name="getTotalImpact" desc="()I" line="38">
                <counter type="INSTRUCTION" missed="0" covered="3"/>
                <counter type="LINE" missed="0" covered="1"/>
                <counter type="COMPLEXITY" missed="0" covered="1"/>
                <counter type="METHOD" missed="0" covered="1"/>
            </method>
            <method name="setTotalImpact" desc="(I)V" line="42">
                <counter type="INSTRUCTION" missed="0" covered="4"/>
                <counter type="LINE" missed="0" covered="2"/>
                <counter type="COMPLEXITY" missed="0" covered="1"/>
                <counter type="METHOD" missed="0" covered="1"/>
            </method>
            <counter type="INSTRUCTION" missed="0" covered="28"/>
            <counter type="LINE" missed="0" covered="11"/>
            <counter type="COMPLEXITY" missed="0" covered="5"/>
            <counter type="METHOD" missed="0" covered="5"/>
            <counter type="CLASS" missed="0" covered="1"/>
        </class>
        <class name="io/jenkins/plugins/grading/AutoGrader$Descriptor" sourcefilename="AutoGrader.java">
            <method name="&lt;init&gt;" desc="()V" line="208">
                <counter type="INSTRUCTION" missed="0" covered="3"/>
                <counter type="LINE" missed="0" covered="1"/>
                <counter type="COMPLEXITY" missed="0" covered="1"/>
                <counter type="METHOD" missed="0" covered="1"/>
            </method>
            <method name="getDisplayName" desc="()Ljava/lang/String;" line="212">
                <counter type="INSTRUCTION" missed="2" covered="0"/>
                <counter type="LINE" missed="1" covered="0"/>
                <counter type="COMPLEXITY" missed="1" covered="0"/>
                <counter type="METHOD" missed="1" covered="0"/>
            </method>
            <method name="isApplicable" desc="(Ljava/lang/Class;)Z" line="217">
                <counter type="INSTRUCTION" missed="2" covered="0"/>
                <counter type="LINE" missed="1" covered="0"/>
                <counter type="COMPLEXITY" missed="1" covered="0"/>
                <counter type="METHOD" missed="1" covered="0"/>
            </method>
            <counter type="INSTRUCTION" missed="4" covered="3"/>
            <counter type="LINE" missed="2" covered="1"/>
            <counter type="COMPLEXITY" missed="2" covered="1"/>
            <counter type="METHOD" missed="2" covered="1"/>
            <counter type="CLASS" missed="0" covered="1"/>
        </class>
        <class name="io/jenkins/plugins/grading/TestScore" sourcefilename="TestScore.java">
            <method name="&lt;init&gt;"
                    desc="(Lio/jenkins/plugins/grading/TestConfiguration;Lhudson/tasks/junit/TestResultAction;)V"
                    line="35">
                <counter type="INSTRUCTION" missed="0" covered="33"/>
                <counter type="LINE" missed="0" covered="7"/>
                <counter type="COMPLEXITY" missed="0" covered="1"/>
                <counter type="METHOD" missed="0" covered="1"/>
            </method>
            <method name="computeImpact" desc="(Lio/jenkins/plugins/grading/TestConfiguration;)I" line="46">
                <counter type="INSTRUCTION" missed="0" covered="28"/>
                <counter type="LINE" missed="0" covered="5"/>
                <counter type="COMPLEXITY" missed="0" covered="1"/>
                <counter type="METHOD" missed="0" covered="1"/>
            </method>
            <method name="getPassedSize" desc="()I" line="55">
                <counter type="INSTRUCTION" missed="0" covered="3"/>
                <counter type="LINE" missed="0" covered="1"/>
                <counter type="COMPLEXITY" missed="0" covered="1"/>
                <counter type="METHOD" missed="0" covered="1"/>
            </method>
            <method name="getTotalSize" desc="()I" line="59">
                <counter type="INSTRUCTION" missed="0" covered="3"/>
                <counter type="LINE" missed="0" covered="1"/>
                <counter type="COMPLEXITY" missed="0" covered="1"/>
                <counter type="METHOD" missed="0" covered="1"/>
            </method>
            <method name="getFailedSize" desc="()I" line="63">
                <counter type="INSTRUCTION" missed="0" covered="3"/>
                <counter type="LINE" missed="0" covered="1"/>
                <counter type="COMPLEXITY" missed="0" covered="1"/>
                <counter type="METHOD" missed="0" covered="1"/>
            </method>
            <method name="getSkippedSize" desc="()I" line="67">
                <counter type="INSTRUCTION" missed="0" covered="3"/>
                <counter type="LINE" missed="0" covered="1"/>
                <counter type="COMPLEXITY" missed="0" covered="1"/>
                <counter type="METHOD" missed="0" covered="1"/>
            </method>
            <counter type="INSTRUCTION" missed="0" covered="73"/>
            <counter type="LINE" missed="0" covered="16"/>
            <counter type="COMPLEXITY" missed="0" covered="6"/>
            <counter type="METHOD" missed="0" covered="6"/>
            <counter type="CLASS" missed="0" covered="1"/>
        </class>
        <class name="io/jenkins/plugins/grading/PitScore" sourcefilename="PitScore.java">
            <method name="&lt;init&gt;"
                    desc="(Lio/jenkins/plugins/grading/PitConfiguration;Lorg/jenkinsci/plugins/pitmutation/PitBuildAction;)V"
                    line="39">
                <counter type="INSTRUCTION" missed="0" covered="41"/>
                <counter type="LINE" missed="0" covered="7"/>
                <counter type="COMPLEXITY" missed="0" covered="1"/>
                <counter type="METHOD" missed="0" covered="1"/>
            </method>
            <method name="computeImpact" desc="(Lio/jenkins/plugins/grading/PitConfiguration;)I" line="50">
                <counter type="INSTRUCTION" missed="0" covered="28"/>
                <counter type="LINE" missed="0" covered="5"/>
                <counter type="COMPLEXITY" missed="0" covered="1"/>
                <counter type="METHOD" missed="0" covered="1"/>
            </method>
            <method name="getMutationsSize" desc="()I" line="60">
                <counter type="INSTRUCTION" missed="0" covered="3"/>
                <counter type="LINE" missed="0" covered="1"/>
                <counter type="COMPLEXITY" missed="0" covered="1"/>
                <counter type="METHOD" missed="0" covered="1"/>
            </method>
            <method name="getUndetectedSize" desc="()I" line="64">
                <counter type="INSTRUCTION" missed="0" covered="3"/>
                <counter type="LINE" missed="0" covered="1"/>
                <counter type="COMPLEXITY" missed="0" covered="1"/>
                <counter type="METHOD" missed="0" covered="1"/>
            </method>
            <method name="getDetectedSize" desc="()I" line="68">
                <counter type="INSTRUCTION" missed="0" covered="3"/>
                <counter type="LINE" missed="0" covered="1"/>
                <counter type="COMPLEXITY" missed="0" covered="1"/>
                <counter type="METHOD" missed="0" covered="1"/>
            </method>
            <method name="getRatio" desc="()I" line="72">
                <counter type="INSTRUCTION" missed="0" covered="3"/>
                <counter type="LINE" missed="0" covered="1"/>
                <counter type="COMPLEXITY" missed="0" covered="1"/>
                <counter type="METHOD" missed="0" covered="1"/>
            </method>
            <counter type="INSTRUCTION" missed="0" covered="81"/>
            <counter type="LINE" missed="0" covered="16"/>
            <counter type="COMPLEXITY" missed="0" covered="6"/>
            <counter type="METHOD" missed="0" covered="6"/>
            <counter type="CLASS" missed="0" covered="1"/>
        </class>
        <class name="io/jenkins/plugins/grading/AggregatedScoreXmlStream"
               sourcefilename="AggregatedScoreXmlStream.java">
            <method name="&lt;init&gt;" desc="()V" line="17">
                <counter type="INSTRUCTION" missed="0" covered="4"/>
                <counter type="LINE" missed="0" covered="2"/>
                <counter type="COMPLEXITY" missed="0" covered="1"/>
                <counter type="METHOD" missed="0" covered="1"/>
            </method>
            <method name="createDefaultValue" desc="()Lio/jenkins/plugins/grading/AggregatedScore;" line="22">
                <counter type="INSTRUCTION" missed="0" covered="4"/>
                <counter type="LINE" missed="0" covered="1"/>
                <counter type="COMPLEXITY" missed="0" covered="1"/>
                <counter type="METHOD" missed="0" covered="1"/>
            </method>
            <method name="configureXStream" desc="(Lhudson/util/XStream2;)V" line="27">
                <counter type="INSTRUCTION" missed="0" covered="21"/>
                <counter type="LINE" missed="0" covered="6"/>
                <counter type="COMPLEXITY" missed="0" covered="1"/>
                <counter type="METHOD" missed="0" covered="1"/>
            </method>
            <counter type="INSTRUCTION" missed="0" covered="29"/>
            <counter type="LINE" missed="0" covered="9"/>
            <counter type="COMPLEXITY" missed="0" covered="3"/>
            <counter type="METHOD" missed="0" covered="3"/>
            <counter type="CLASS" missed="0" covered="1"/>
        </class>
        <class name="io/jenkins/plugins/grading/Configuration$ConfigurationBuilder" sourcefilename="Configuration.java">
            <method name="&lt;init&gt;" desc="()V" line="52">
                <counter type="INSTRUCTION" missed="0" covered="3"/>
                <counter type="LINE" missed="0" covered="1"/>
                <counter type="COMPLEXITY" missed="0" covered="1"/>
                <counter type="METHOD" missed="0" covered="1"/>
            </method>
            <method name="setMaxScore" desc="(I)Lio/jenkins/plugins/grading/Configuration$ConfigurationBuilder;"
                    line="64">
                <counter type="INSTRUCTION" missed="0" covered="5"/>
                <counter type="LINE" missed="0" covered="2"/>
                <counter type="COMPLEXITY" missed="0" covered="1"/>
                <counter type="METHOD" missed="0" covered="1"/>
            </method>
            <method name="getMaxScore" desc="()I" line="70">
                <counter type="INSTRUCTION" missed="0" covered="3"/>
                <counter type="LINE" missed="0" covered="1"/>
                <counter type="COMPLEXITY" missed="0" covered="1"/>
                <counter type="METHOD" missed="0" covered="1"/>
            </method>
            <counter type="INSTRUCTION" missed="0" covered="11"/>
            <counter type="LINE" missed="0" covered="4"/>
            <counter type="COMPLEXITY" missed="0" covered="3"/>
            <counter type="METHOD" missed="0" covered="3"/>
            <counter type="CLASS" missed="0" covered="1"/>
        </class>
        <class name="io/jenkins/plugins/grading/PitConfiguration$PitConfigurationBuilder"
               sourcefilename="PitConfiguration.java">
            <method name="&lt;init&gt;" desc="()V" line="103">
                <counter type="INSTRUCTION" missed="0" covered="12"/>
                <counter type="LINE" missed="0" covered="4"/>
                <counter type="COMPLEXITY" missed="0" covered="1"/>
                <counter type="METHOD" missed="0" covered="1"/>
            </method>
            <method name="setMaxScore" desc="(I)Lio/jenkins/plugins/grading/PitConfiguration$PitConfigurationBuilder;"
                    line="110">
                <counter type="INSTRUCTION" missed="0" covered="5"/>
                <counter type="LINE" missed="0" covered="1"/>
                <counter type="COMPLEXITY" missed="0" covered="1"/>
                <counter type="METHOD" missed="0" covered="1"/>
            </method>
            <method name="setUndetectedImpact"
                    desc="(I)Lio/jenkins/plugins/grading/PitConfiguration$PitConfigurationBuilder;" line="122">
                <counter type="INSTRUCTION" missed="0" covered="5"/>
                <counter type="LINE" missed="0" covered="2"/>
                <counter type="COMPLEXITY" missed="0" covered="1"/>
                <counter type="METHOD" missed="0" covered="1"/>
            </method>
            <method name="setDetectedImpact"
                    desc="(I)Lio/jenkins/plugins/grading/PitConfiguration$PitConfigurationBuilder;" line="135">
                <counter type="INSTRUCTION" missed="0" covered="5"/>
                <counter type="LINE" missed="0" covered="2"/>
                <counter type="COMPLEXITY" missed="0" covered="1"/>
                <counter type="METHOD" missed="0" covered="1"/>
            </method>
            <method name="setRatioImpact"
                    desc="(I)Lio/jenkins/plugins/grading/PitConfiguration$PitConfigurationBuilder;" line="148">
                <counter type="INSTRUCTION" missed="0" covered="5"/>
                <counter type="LINE" missed="0" covered="2"/>
                <counter type="COMPLEXITY" missed="0" covered="1"/>
                <counter type="METHOD" missed="0" covered="1"/>
            </method>
            <method name="build" desc="()Lio/jenkins/plugins/grading/PitConfiguration;" line="158">
                <counter type="INSTRUCTION" missed="0" covered="13"/>
                <counter type="LINE" missed="0" covered="1"/>
                <counter type="COMPLEXITY" missed="0" covered="1"/>
                <counter type="METHOD" missed="0" covered="1"/>
            </method>
            <counter type="INSTRUCTION" missed="0" covered="45"/>
            <counter type="LINE" missed="0" covered="12"/>
            <counter type="COMPLEXITY" missed="0" covered="6"/>
            <counter type="METHOD" missed="0" covered="6"/>
            <counter type="CLASS" missed="0" covered="1"/>
        </class>
        <class name="io/jenkins/plugins/grading/AutoGrader" sourcefilename="AutoGrader.java">
            <method name="&lt;init&gt;" desc="(Ljava/lang/String;)V" line="51">
                <counter type="INSTRUCTION" missed="0" covered="6"/>
                <counter type="LINE" missed="0" covered="3"/>
                <counter type="COMPLEXITY" missed="0" covered="1"/>
                <counter type="METHOD" missed="0" covered="1"/>
            </method>
            <method name="getConfiguration" desc="()Ljava/lang/String;" line="57">
                <counter type="INSTRUCTION" missed="0" covered="3"/>
                <counter type="LINE" missed="0" covered="1"/>
                <counter type="COMPLEXITY" missed="0" covered="1"/>
                <counter type="METHOD" missed="0" covered="1"/>
            </method>
            <method name="perform"
                    desc="(Lhudson/model/Run;Lhudson/FilePath;Lhudson/Launcher;Lhudson/model/TaskListener;)V" line="63">
                <counter type="INSTRUCTION" missed="12" covered="112"/>
                <counter type="BRANCH" missed="2" covered="6"/>
                <counter type="LINE" missed="2" covered="23"/>
                <counter type="COMPLEXITY" missed="2" covered="3"/>
                <counter type="METHOD" missed="0" covered="1"/>
            </method>
            <method name="gradePitResults"
                    desc="(Lhudson/model/Run;Lio/jenkins/plugins/grading/AggregatedScore;Lnet/sf/json/JSONObject;Lio/jenkins/plugins/util/LogHandler;)V"
                    line="112">
                <counter type="INSTRUCTION" missed="87" covered="0"/>
                <counter type="BRANCH" missed="2" covered="0"/>
                <counter type="LINE" missed="12" covered="0"/>
                <counter type="COMPLEXITY" missed="2" covered="0"/>
                <counter type="METHOD" missed="1" covered="0"/>
            </method>
            <method name="gradeCoverageResults"
                    desc="(Lhudson/model/Run;Lio/jenkins/plugins/grading/AggregatedScore;Lnet/sf/json/JSONObject;Lio/jenkins/plugins/util/LogHandler;)V"
                    line="132">
                <counter type="INSTRUCTION" missed="101" covered="0"/>
                <counter type="BRANCH" missed="2" covered="0"/>
                <counter type="LINE" missed="14" covered="0"/>
                <counter type="COMPLEXITY" missed="2" covered="0"/>
                <counter type="METHOD" missed="1" covered="0"/>
            </method>
            <method name="createCoverageScore"
                    desc="(Lio/jenkins/plugins/coverage/CoverageAction;Lio/jenkins/plugins/grading/CoverageConfiguration;Lio/jenkins/plugins/coverage/targets/CoverageElement;)Lio/jenkins/plugins/grading/CoverageScore;"
                    line="156">
                <counter type="INSTRUCTION" missed="11" covered="0"/>
                <counter type="LINE" missed="1" covered="0"/>
                <counter type="COMPLEXITY" missed="1" covered="0"/>
                <counter type="METHOD" missed="1" covered="0"/>
            </method>
            <method name="gradeTestResults"
                    desc="(Lhudson/model/Run;Lio/jenkins/plugins/grading/AggregatedScore;Lnet/sf/json/JSONObject;Lio/jenkins/plugins/util/LogHandler;)V"
                    line="162">
                <counter type="INSTRUCTION" missed="0" covered="87"/>
                <counter type="BRANCH" missed="0" covered="2"/>
                <counter type="LINE" missed="0" covered="12"/>
                <counter type="COMPLEXITY" missed="0" covered="2"/>
                <counter type="METHOD" missed="0" covered="1"/>
            </method>
            <method name="gradeAnalysisResults"
                    desc="(Lhudson/model/Run;Lio/jenkins/plugins/grading/AggregatedScore;Lnet/sf/json/JSONObject;Lio/jenkins/plugins/util/LogHandler;)V"
                    line="182">
                <counter type="INSTRUCTION" missed="0" covered="107"/>
                <counter type="BRANCH" missed="0" covered="2"/>
                <counter type="LINE" missed="0" covered="16"/>
                <counter type="COMPLEXITY" missed="0" covered="2"/>
                <counter type="METHOD" missed="0" covered="1"/>
            </method>
            <method name="getDescriptor" desc="()Lio/jenkins/plugins/grading/AutoGrader$Descriptor;" line="201">
                <counter type="INSTRUCTION" missed="0" covered="4"/>
                <counter type="LINE" missed="0" covered="1"/>
                <counter type="COMPLEXITY" missed="0" covered="1"/>
                <counter type="METHOD" missed="0" covered="1"/>
            </method>
            <counter type="INSTRUCTION" missed="211" covered="319"/>
            <counter type="BRANCH" missed="6" covered="10"/>
            <counter type="LINE" missed="29" covered="56"/>
            <counter type="COMPLEXITY" missed="7" covered="10"/>
            <counter type="METHOD" missed="3" covered="6"/>
            <counter type="CLASS" missed="0" covered="1"/>
        </class>
        <class name="io/jenkins/plugins/grading/AnalysisConfiguration$AnalysisConfigurationBuilder"
               sourcefilename="AnalysisConfiguration.java">
            <method name="&lt;init&gt;" desc="()V" line="115">
                <counter type="INSTRUCTION" missed="0" covered="3"/>
                <counter type="LINE" missed="0" covered="1"/>
                <counter type="COMPLEXITY" missed="0" covered="1"/>
                <counter type="METHOD" missed="0" covered="1"/>
            </method>
            <method name="setMaxScore"
                    desc="(I)Lio/jenkins/plugins/grading/AnalysisConfiguration$AnalysisConfigurationBuilder;"
                    line="123">
                <counter type="INSTRUCTION" missed="0" covered="5"/>
                <counter type="LINE" missed="0" covered="1"/>
                <counter type="COMPLEXITY" missed="0" covered="1"/>
                <counter type="METHOD" missed="0" covered="1"/>
            </method>
            <method name="setErrorImpact"
                    desc="(I)Lio/jenkins/plugins/grading/AnalysisConfiguration$AnalysisConfigurationBuilder;"
                    line="135">
                <counter type="INSTRUCTION" missed="0" covered="5"/>
                <counter type="LINE" missed="0" covered="2"/>
                <counter type="COMPLEXITY" missed="0" covered="1"/>
                <counter type="METHOD" missed="0" covered="1"/>
            </method>
            <method name="setHighImpact"
                    desc="(I)Lio/jenkins/plugins/grading/AnalysisConfiguration$AnalysisConfigurationBuilder;"
                    line="148">
                <counter type="INSTRUCTION" missed="0" covered="5"/>
                <counter type="LINE" missed="0" covered="2"/>
                <counter type="COMPLEXITY" missed="0" covered="1"/>
                <counter type="METHOD" missed="0" covered="1"/>
            </method>
            <method name="setNormalImpact"
                    desc="(I)Lio/jenkins/plugins/grading/AnalysisConfiguration$AnalysisConfigurationBuilder;"
                    line="161">
                <counter type="INSTRUCTION" missed="0" covered="5"/>
                <counter type="LINE" missed="0" covered="2"/>
                <counter type="COMPLEXITY" missed="0" covered="1"/>
                <counter type="METHOD" missed="0" covered="1"/>
            </method>
            <method name="setLowImpact"
                    desc="(I)Lio/jenkins/plugins/grading/AnalysisConfiguration$AnalysisConfigurationBuilder;"
                    line="174">
                <counter type="INSTRUCTION" missed="0" covered="5"/>
                <counter type="LINE" missed="0" covered="2"/>
                <counter type="COMPLEXITY" missed="0" covered="1"/>
                <counter type="METHOD" missed="0" covered="1"/>
            </method>
            <method name="build" desc="()Lio/jenkins/plugins/grading/AnalysisConfiguration;" line="184">
                <counter type="INSTRUCTION" missed="0" covered="15"/>
                <counter type="LINE" missed="0" covered="1"/>
                <counter type="COMPLEXITY" missed="0" covered="1"/>
                <counter type="METHOD" missed="0" covered="1"/>
            </method>
            <counter type="INSTRUCTION" missed="0" covered="43"/>
            <counter type="LINE" missed="0" covered="11"/>
            <counter type="COMPLEXITY" missed="0" covered="7"/>
            <counter type="METHOD" missed="0" covered="7"/>
            <counter type="CLASS" missed="0" covered="1"/>
        </class>
        <class name="io/jenkins/plugins/grading/AggregatedScore" sourcefilename="AggregatedScore.java">
            <method name="&lt;init&gt;" desc="()V" line="18">
                <counter type="INSTRUCTION" missed="0" covered="43"/>
                <counter type="LINE" missed="0" covered="9"/>
                <counter type="COMPLEXITY" missed="0" covered="1"/>
                <counter type="METHOD" missed="0" covered="1"/>
            </method>
            <method name="getAchieved" desc="()I" line="43">
                <counter type="INSTRUCTION" missed="0" covered="12"/>
                <counter type="LINE" missed="0" covered="1"/>
                <counter type="COMPLEXITY" missed="0" covered="1"/>
                <counter type="METHOD" missed="0" covered="1"/>
            </method>
            <method name="getTotal" desc="()I" line="52">
                <counter type="INSTRUCTION" missed="0" covered="16"/>
                <counter type="LINE" missed="0" covered="2"/>
                <counter type="COMPLEXITY" missed="0" covered="1"/>
                <counter type="METHOD" missed="0" covered="1"/>
            </method>
            <method name="getAnalysisAchieved" desc="()I" line="57">
                <counter type="INSTRUCTION" missed="0" covered="3"/>
                <counter type="LINE" missed="0" covered="1"/>
                <counter type="COMPLEXITY" missed="0" covered="1"/>
                <counter type="METHOD" missed="0" covered="1"/>
            </method>
            <method name="getAnalysisRatio" desc="()I" line="61">
                <counter type="INSTRUCTION" missed="0" covered="8"/>
                <counter type="LINE" missed="0" covered="1"/>
                <counter type="COMPLEXITY" missed="0" covered="1"/>
                <counter type="METHOD" missed="0" covered="1"/>
            </method>
            <method name="getTestAchieved" desc="()I" line="65">
                <counter type="INSTRUCTION" missed="0" covered="3"/>
                <counter type="LINE" missed="0" covered="1"/>
                <counter type="COMPLEXITY" missed="0" covered="1"/>
                <counter type="METHOD" missed="0" covered="1"/>
            </method>
            <method name="getTestRatio" desc="()I" line="69">
                <counter type="INSTRUCTION" missed="0" covered="8"/>
                <counter type="LINE" missed="0" covered="1"/>
                <counter type="COMPLEXITY" missed="0" covered="1"/>
                <counter type="METHOD" missed="0" covered="1"/>
            </method>
            <method name="getCoverageAchieved" desc="()I" line="73">
                <counter type="INSTRUCTION" missed="0" covered="3"/>
                <counter type="LINE" missed="0" covered="1"/>
                <counter type="COMPLEXITY" missed="0" covered="1"/>
                <counter type="METHOD" missed="0" covered="1"/>
            </method>
            <method name="getCoverageRatio" desc="()I" line="77">
                <counter type="INSTRUCTION" missed="0" covered="8"/>
                <counter type="LINE" missed="0" covered="1"/>
                <counter type="COMPLEXITY" missed="0" covered="1"/>
                <counter type="METHOD" missed="0" covered="1"/>
            </method>
            <method name="getPitAchieved" desc="()I" line="81">
                <counter type="INSTRUCTION" missed="0" covered="3"/>
                <counter type="LINE" missed="0" covered="1"/>
                <counter type="COMPLEXITY" missed="0" covered="1"/>
                <counter type="METHOD" missed="0" covered="1"/>
            </method>
            <method name="getPitRatio" desc="()I" line="85">
                <counter type="INSTRUCTION" missed="0" covered="8"/>
                <counter type="LINE" missed="0" covered="1"/>
                <counter type="COMPLEXITY" missed="0" covered="1"/>
                <counter type="METHOD" missed="0" covered="1"/>
            </method>
            <method name="getRatio" desc="()I" line="94">
                <counter type="INSTRUCTION" missed="0" covered="7"/>
                <counter type="LINE" missed="0" covered="1"/>
                <counter type="COMPLEXITY" missed="0" covered="1"/>
                <counter type="METHOD" missed="0" covered="1"/>
            </method>
            <method name="getRatio" desc="(II)I" line="98">
                <counter type="INSTRUCTION" missed="0" covered="10"/>
                <counter type="BRANCH" missed="0" covered="2"/>
                <counter type="LINE" missed="0" covered="3"/>
                <counter type="COMPLEXITY" missed="0" covered="2"/>
                <counter type="METHOD" missed="0" covered="1"/>
            </method>
            <method name="getAnalysisConfiguration" desc="()Lio/jenkins/plugins/grading/AnalysisConfiguration;"
                    line="105">
                <counter type="INSTRUCTION" missed="0" covered="3"/>
                <counter type="LINE" missed="0" covered="1"/>
                <counter type="COMPLEXITY" missed="0" covered="1"/>
                <counter type="METHOD" missed="0" covered="1"/>
            </method>
            <method name="getAnalysisScores" desc="()Ljava/util/List;" line="109">
                <counter type="INSTRUCTION" missed="0" covered="3"/>
                <counter type="LINE" missed="0" covered="1"/>
                <counter type="COMPLEXITY" missed="0" covered="1"/>
                <counter type="METHOD" missed="0" covered="1"/>
            </method>
            <method name="getTestConfiguration" desc="()Lio/jenkins/plugins/grading/TestConfiguration;" line="113">
                <counter type="INSTRUCTION" missed="0" covered="3"/>
                <counter type="LINE" missed="0" covered="1"/>
                <counter type="COMPLEXITY" missed="0" covered="1"/>
                <counter type="METHOD" missed="0" covered="1"/>
            </method>
            <method name="getTestScores" desc="()Ljava/util/List;" line="117">
                <counter type="INSTRUCTION" missed="0" covered="3"/>
                <counter type="LINE" missed="0" covered="1"/>
                <counter type="COMPLEXITY" missed="0" covered="1"/>
                <counter type="METHOD" missed="0" covered="1"/>
            </method>
            <method name="getCoverageConfiguration" desc="()Lio/jenkins/plugins/grading/CoverageConfiguration;"
                    line="121">
                <counter type="INSTRUCTION" missed="0" covered="3"/>
                <counter type="LINE" missed="0" covered="1"/>
                <counter type="COMPLEXITY" missed="0" covered="1"/>
                <counter type="METHOD" missed="0" covered="1"/>
            </method>
            <method name="getCoverageScores" desc="()Ljava/util/List;" line="125">
                <counter type="INSTRUCTION" missed="0" covered="3"/>
                <counter type="LINE" missed="0" covered="1"/>
                <counter type="COMPLEXITY" missed="0" covered="1"/>
                <counter type="METHOD" missed="0" covered="1"/>
            </method>
            <method name="getPitConfiguration" desc="()Lio/jenkins/plugins/grading/PitConfiguration;" line="129">
                <counter type="INSTRUCTION" missed="0" covered="3"/>
                <counter type="LINE" missed="0" covered="1"/>
                <counter type="COMPLEXITY" missed="0" covered="1"/>
                <counter type="METHOD" missed="0" covered="1"/>
            </method>
            <method name="getPitScores" desc="()Ljava/util/List;" line="133">
                <counter type="INSTRUCTION" missed="0" covered="3"/>
                <counter type="LINE" missed="0" covered="1"/>
                <counter type="COMPLEXITY" missed="0" covered="1"/>
                <counter type="METHOD" missed="0" covered="1"/>
            </method>
            <method name="addAnalysisTotal" desc="(Lio/jenkins/plugins/grading/AnalysisConfiguration;Ljava/util/List;)I"
                    line="147">
                <counter type="INSTRUCTION" missed="0" covered="23"/>
                <counter type="LINE" missed="0" covered="5"/>
                <counter type="COMPLEXITY" missed="0" covered="1"/>
                <counter type="METHOD" missed="0" covered="1"/>
            </method>
            <method name="addTestsTotal"
                    desc="(Lio/jenkins/plugins/grading/TestConfiguration;Lio/jenkins/plugins/grading/TestScore;)I"
                    line="167">
                <counter type="INSTRUCTION" missed="0" covered="19"/>
                <counter type="LINE" missed="0" covered="4"/>
                <counter type="COMPLEXITY" missed="0" covered="1"/>
                <counter type="METHOD" missed="0" covered="1"/>
            </method>
            <method name="addCoverageTotal"
                    desc="(Lio/jenkins/plugins/grading/CoverageConfiguration;[Lio/jenkins/plugins/grading/CoverageScore;)I"
                    line="185">
                <counter type="INSTRUCTION" missed="0" covered="23"/>
                <counter type="LINE" missed="0" covered="5"/>
                <counter type="COMPLEXITY" missed="0" covered="1"/>
                <counter type="METHOD" missed="0" covered="1"/>
            </method>
            <method name="addPitTotal"
                    desc="(Lio/jenkins/plugins/grading/PitConfiguration;Lio/jenkins/plugins/grading/PitScore;)I"
                    line="205">
                <counter type="INSTRUCTION" missed="0" covered="19"/>
                <counter type="LINE" missed="0" covered="4"/>
                <counter type="COMPLEXITY" missed="0" covered="1"/>
                <counter type="METHOD" missed="0" covered="1"/>
            </method>
            <method name="computeScore" desc="(II)I" line="213">
                <counter type="INSTRUCTION" missed="0" covered="12"/>
                <counter type="BRANCH" missed="0" covered="2"/>
                <counter type="LINE" missed="0" covered="3"/>
                <counter type="COMPLEXITY" missed="0" covered="2"/>
                <counter type="METHOD" missed="0" covered="1"/>
            </method>
            <method name="aggregateDelta" desc="(Ljava/util/List;)I" line="222">
                <counter type="INSTRUCTION" missed="0" covered="20"/>
                <counter type="BRANCH" missed="0" covered="2"/>
                <counter type="LINE" missed="0" covered="5"/>
                <counter type="COMPLEXITY" missed="0" covered="2"/>
                <counter type="METHOD" missed="0" covered="1"/>
            </method>
            <counter type="INSTRUCTION" missed="0" covered="272"/>
            <counter type="BRANCH" missed="0" covered="6"/>
            <counter type="LINE" missed="0" covered="58"/>
            <counter type="COMPLEXITY" missed="0" covered="30"/>
            <counter type="METHOD" missed="0" covered="27"/>
            <counter type="CLASS" missed="0" covered="1"/>
        </class>
        <class name="io/jenkins/plugins/grading/TestConfiguration" sourcefilename="TestConfiguration.java">
            <method name="from" desc="(Lnet/sf/json/JSONObject;)Lio/jenkins/plugins/grading/TestConfiguration;"
                    line="31">
                <counter type="INSTRUCTION" missed="0" covered="5"/>
                <counter type="LINE" missed="0" covered="1"/>
                <counter type="COMPLEXITY" missed="0" covered="1"/>
                <counter type="METHOD" missed="0" covered="1"/>
            </method>
            <method name="&lt;init&gt;" desc="()V" line="39">
                <counter type="INSTRUCTION" missed="0" covered="7"/>
                <counter type="LINE" missed="0" covered="2"/>
                <counter type="COMPLEXITY" missed="0" covered="1"/>
                <counter type="METHOD" missed="0" covered="1"/>
            </method>
            <method name="&lt;init&gt;" desc="(IIII)V" line="44">
                <counter type="INSTRUCTION" missed="0" covered="13"/>
                <counter type="LINE" missed="0" covered="5"/>
                <counter type="COMPLEXITY" missed="0" covered="1"/>
                <counter type="METHOD" missed="0" covered="1"/>
            </method>
            <method name="getSkippedImpact" desc="()I" line="52">
                <counter type="INSTRUCTION" missed="0" covered="3"/>
                <counter type="LINE" missed="0" covered="1"/>
                <counter type="COMPLEXITY" missed="0" covered="1"/>
                <counter type="METHOD" missed="0" covered="1"/>
            </method>
            <method name="setSkippedImpact" desc="(I)V" line="57">
                <counter type="INSTRUCTION" missed="0" covered="4"/>
                <counter type="LINE" missed="0" covered="2"/>
                <counter type="COMPLEXITY" missed="0" covered="1"/>
                <counter type="METHOD" missed="0" covered="1"/>
            </method>
            <method name="getFailureImpact" desc="()I" line="61">
                <counter type="INSTRUCTION" missed="0" covered="3"/>
                <counter type="LINE" missed="0" covered="1"/>
                <counter type="COMPLEXITY" missed="0" covered="1"/>
                <counter type="METHOD" missed="0" covered="1"/>
            </method>
            <method name="setFailureImpact" desc="(I)V" line="66">
                <counter type="INSTRUCTION" missed="0" covered="4"/>
                <counter type="LINE" missed="0" covered="2"/>
                <counter type="COMPLEXITY" missed="0" covered="1"/>
                <counter type="METHOD" missed="0" covered="1"/>
            </method>
            <method name="getPassedImpact" desc="()I" line="70">
                <counter type="INSTRUCTION" missed="0" covered="3"/>
                <counter type="LINE" missed="0" covered="1"/>
                <counter type="COMPLEXITY" missed="0" covered="1"/>
                <counter type="METHOD" missed="0" covered="1"/>
            </method>
            <method name="setPassedImpact" desc="(I)V" line="75">
                <counter type="INSTRUCTION" missed="0" covered="4"/>
                <counter type="LINE" missed="0" covered="2"/>
                <counter type="COMPLEXITY" missed="0" covered="1"/>
                <counter type="METHOD" missed="0" covered="1"/>
            </method>
            <counter type="INSTRUCTION" missed="0" covered="46"/>
            <counter type="LINE" missed="0" covered="17"/>
            <counter type="COMPLEXITY" missed="0" covered="9"/>
            <counter type="METHOD" missed="0" covered="9"/>
            <counter type="CLASS" missed="0" covered="1"/>
        </class>
        <class name="io/jenkins/plugins/grading/TestConfiguration$TestConfigurationBuilder"
               sourcefilename="TestConfiguration.java">
            <method name="&lt;init&gt;" desc="()V" line="103">
                <counter type="INSTRUCTION" missed="0" covered="3"/>
                <counter type="LINE" missed="0" covered="1"/>
                <counter type="COMPLEXITY" missed="0" covered="1"/>
                <counter type="METHOD" missed="0" covered="1"/>
            </method>
            <method name="setMaxScore" desc="(I)Lio/jenkins/plugins/grading/TestConfiguration$TestConfigurationBuilder;"
                    line="110">
                <counter type="INSTRUCTION" missed="0" covered="5"/>
                <counter type="LINE" missed="0" covered="1"/>
                <counter type="COMPLEXITY" missed="0" covered="1"/>
                <counter type="METHOD" missed="0" covered="1"/>
            </method>
            <method name="setSkippedImpact"
                    desc="(I)Lio/jenkins/plugins/grading/TestConfiguration$TestConfigurationBuilder;" line="122">
                <counter type="INSTRUCTION" missed="0" covered="5"/>
                <counter type="LINE" missed="0" covered="2"/>
                <counter type="COMPLEXITY" missed="0" covered="1"/>
                <counter type="METHOD" missed="0" covered="1"/>
            </method>
            <method name="setFailureImpact"
                    desc="(I)Lio/jenkins/plugins/grading/TestConfiguration$TestConfigurationBuilder;" line="135">
                <counter type="INSTRUCTION" missed="0" covered="5"/>
                <counter type="LINE" missed="0" covered="2"/>
                <counter type="COMPLEXITY" missed="0" covered="1"/>
                <counter type="METHOD" missed="0" covered="1"/>
            </method>
            <method name="setPassedImpact"
                    desc="(I)Lio/jenkins/plugins/grading/TestConfiguration$TestConfigurationBuilder;" line="148">
                <counter type="INSTRUCTION" missed="0" covered="5"/>
                <counter type="LINE" missed="0" covered="2"/>
                <counter type="COMPLEXITY" missed="0" covered="1"/>
                <counter type="METHOD" missed="0" covered="1"/>
            </method>
            <method name="build" desc="()Lio/jenkins/plugins/grading/TestConfiguration;" line="158">
                <counter type="INSTRUCTION" missed="0" covered="13"/>
                <counter type="LINE" missed="0" covered="1"/>
                <counter type="COMPLEXITY" missed="0" covered="1"/>
                <counter type="METHOD" missed="0" covered="1"/>
            </method>
            <counter type="INSTRUCTION" missed="0" covered="36"/>
            <counter type="LINE" missed="0" covered="9"/>
            <counter type="COMPLEXITY" missed="0" covered="6"/>
            <counter type="METHOD" missed="0" covered="6"/>
            <counter type="CLASS" missed="0" covered="1"/>
        </class>
        <class name="io/jenkins/plugins/grading/Configuration" sourcefilename="Configuration.java">
            <method name="&lt;init&gt;" desc="(I)V" line="18">
                <counter type="INSTRUCTION" missed="0" covered="6"/>
                <counter type="LINE" missed="0" covered="3"/>
                <counter type="COMPLEXITY" missed="0" covered="1"/>
                <counter type="METHOD" missed="0" covered="1"/>
            </method>
            <method name="setMaxScore" desc="(I)V" line="23">
                <counter type="INSTRUCTION" missed="0" covered="4"/>
                <counter type="LINE" missed="0" covered="2"/>
                <counter type="COMPLEXITY" missed="0" covered="1"/>
                <counter type="METHOD" missed="0" covered="1"/>
            </method>
            <method name="getMaxScore" desc="()I" line="27">
                <counter type="INSTRUCTION" missed="0" covered="3"/>
                <counter type="LINE" missed="0" covered="1"/>
                <counter type="COMPLEXITY" missed="0" covered="1"/>
                <counter type="METHOD" missed="0" covered="1"/>
            </method>
            <counter type="INSTRUCTION" missed="0" covered="13"/>
            <counter type="LINE" missed="0" covered="6"/>
            <counter type="COMPLEXITY" missed="0" covered="3"/>
            <counter type="METHOD" missed="0" covered="3"/>
            <counter type="CLASS" missed="0" covered="1"/>
        </class>
        <class name="io/jenkins/plugins/grading/PercentagePieChart" sourcefilename="PercentagePieChart.java">
            <method name="&lt;init&gt;" desc="()V" line="12">
                <counter type="INSTRUCTION" missed="3" covered="0"/>
                <counter type="LINE" missed="1" covered="0"/>
                <counter type="COMPLEXITY" missed="1" covered="0"/>
                <counter type="METHOD" missed="1" covered="0"/>
            </method>
            <method name="create" desc="(I)Ledu/hm/hafner/echarts/PieChartModel;" line="22">
                <counter type="INSTRUCTION" missed="29" covered="0"/>
                <counter type="LINE" missed="5" covered="0"/>
                <counter type="COMPLEXITY" missed="1" covered="0"/>
                <counter type="METHOD" missed="1" covered="0"/>
            </method>
            <method name="computeColor" desc="(I)Ledu/hm/hafner/echarts/Palette;" line="32">
                <counter type="INSTRUCTION" missed="12" covered="0"/>
                <counter type="BRANCH" missed="4" covered="0"/>
                <counter type="LINE" missed="5" covered="0"/>
                <counter type="COMPLEXITY" missed="3" covered="0"/>
                <counter type="METHOD" missed="1" covered="0"/>
            </method>
            <counter type="INSTRUCTION" missed="44" covered="0"/>
            <counter type="BRANCH" missed="4" covered="0"/>
            <counter type="LINE" missed="11" covered="0"/>
            <counter type="COMPLEXITY" missed="5" covered="0"/>
            <counter type="METHOD" missed="3" covered="0"/>
            <counter type="CLASS" missed="1" covered="0"/>
        </class>
        <class name="io/jenkins/plugins/grading/CoverageScore" sourcefilename="CoverageScore.java">
            <method name="&lt;init&gt;"
                    desc="(Ljava/lang/String;Lio/jenkins/plugins/grading/CoverageConfiguration;Lio/jenkins/plugins/coverage/targets/Ratio;)V"
                    line="35">
                <counter type="INSTRUCTION" missed="0" covered="21"/>
                <counter type="LINE" missed="0" covered="5"/>
                <counter type="COMPLEXITY" missed="0" covered="1"/>
                <counter type="METHOD" missed="0" covered="1"/>
            </method>
            <method name="computeImpact" desc="(Lio/jenkins/plugins/grading/CoverageConfiguration;)I" line="44">
                <counter type="INSTRUCTION" missed="0" covered="20"/>
                <counter type="LINE" missed="0" covered="4"/>
                <counter type="COMPLEXITY" missed="0" covered="1"/>
                <counter type="METHOD" missed="0" covered="1"/>
            </method>
            <method name="getCoveredSize" desc="()I" line="53">
                <counter type="INSTRUCTION" missed="0" covered="3"/>
                <counter type="LINE" missed="0" covered="1"/>
                <counter type="COMPLEXITY" missed="0" covered="1"/>
                <counter type="METHOD" missed="0" covered="1"/>
            </method>
            <method name="getMissedSize" desc="()I" line="57">
                <counter type="INSTRUCTION" missed="0" covered="3"/>
                <counter type="LINE" missed="0" covered="1"/>
                <counter type="COMPLEXITY" missed="0" covered="1"/>
                <counter type="METHOD" missed="0" covered="1"/>
            </method>
            <counter type="INSTRUCTION" missed="0" covered="47"/>
            <counter type="LINE" missed="0" covered="11"/>
            <counter type="COMPLEXITY" missed="0" covered="4"/>
            <counter type="METHOD" missed="0" covered="4"/>
            <counter type="CLASS" missed="0" covered="1"/>
        </class>
        <sourcefile name="PitConfiguration.java">
            <line nr="31" mi="0" ci="5" mb="0" cb="0"/>
            <line nr="39" mi="0" ci="6" mb="0" cb="0"/>
            <line nr="40" mi="0" ci="1" mb="0" cb="0"/>
            <line nr="44" mi="0" ci="3" mb="0" cb="0"/>
            <line nr="46" mi="0" ci="3" mb="0" cb="0"/>
            <line nr="47" mi="0" ci="3" mb="0" cb="0"/>
            <line nr="48" mi="0" ci="3" mb="0" cb="0"/>
            <line nr="49" mi="0" ci="1" mb="0" cb="0"/>
            <line nr="52" mi="0" ci="3" mb="0" cb="0"/>
            <line nr="57" mi="0" ci="3" mb="0" cb="0"/>
            <line nr="58" mi="0" ci="1" mb="0" cb="0"/>
            <line nr="61" mi="0" ci="3" mb="0" cb="0"/>
            <line nr="66" mi="0" ci="3" mb="0" cb="0"/>
            <line nr="67" mi="0" ci="1" mb="0" cb="0"/>
            <line nr="70" mi="0" ci="3" mb="0" cb="0"/>
            <line nr="75" mi="0" ci="3" mb="0" cb="0"/>
            <line nr="76" mi="0" ci="1" mb="0" cb="0"/>
            <line nr="103" mi="0" ci="2" mb="0" cb="0"/>
            <line nr="104" mi="0" ci="3" mb="0" cb="0"/>
            <line nr="105" mi="0" ci="3" mb="0" cb="0"/>
            <line nr="106" mi="0" ci="4" mb="0" cb="0"/>
            <line nr="110" mi="0" ci="5" mb="0" cb="0"/>
            <line nr="122" mi="0" ci="3" mb="0" cb="0"/>
            <line nr="123" mi="0" ci="2" mb="0" cb="0"/>
            <line nr="135" mi="0" ci="3" mb="0" cb="0"/>
            <line nr="136" mi="0" ci="2" mb="0" cb="0"/>
            <line nr="148" mi="0" ci="3" mb="0" cb="0"/>
            <line nr="149" mi="0" ci="2" mb="0" cb="0"/>
            <line nr="158" mi="0" ci="13" mb="0" cb="0"/>
            <counter type="INSTRUCTION" missed="0" covered="91"/>
            <counter type="LINE" missed="0" covered="29"/>
            <counter type="COMPLEXITY" missed="0" covered="15"/>
            <counter type="METHOD" missed="0" covered="15"/>
            <counter type="CLASS" missed="0" covered="2"/>
        </sourcefile>
        <sourcefile name="AggregatedScoreXmlStream.java">
            <line nr="17" mi="0" ci="3" mb="0" cb="0"/>
            <line nr="18" mi="0" ci="1" mb="0" cb="0"/>
            <line nr="22" mi="0" ci="4" mb="0" cb="0"/>
            <line nr="27" mi="0" ci="4" mb="0" cb="0"/>
            <line nr="28" mi="0" ci="4" mb="0" cb="0"/>
            <line nr="29" mi="0" ci="4" mb="0" cb="0"/>
            <line nr="30" mi="0" ci="4" mb="0" cb="0"/>
            <line nr="31" mi="0" ci="4" mb="0" cb="0"/>
            <line nr="32" mi="0" ci="1" mb="0" cb="0"/>
            <counter type="INSTRUCTION" missed="0" covered="29"/>
            <counter type="LINE" missed="0" covered="9"/>
            <counter type="COMPLEXITY" missed="0" covered="3"/>
            <counter type="METHOD" missed="0" covered="3"/>
            <counter type="CLASS" missed="0" covered="1"/>
        </sourcefile>
        <sourcefile name="CoverageScore.java">
            <line nr="35" mi="0" ci="5" mb="0" cb="0"/>
            <line nr="37" mi="0" ci="4" mb="0" cb="0"/>
            <line nr="38" mi="0" ci="6" mb="0" cb="0"/>
            <line nr="40" mi="0" ci="5" mb="0" cb="0"/>
            <line nr="41" mi="0" ci="1" mb="0" cb="0"/>
            <line nr="44" mi="0" ci="2" mb="0" cb="0"/>
            <line nr="46" mi="0" ci="8" mb="0" cb="0"/>
            <line nr="47" mi="0" ci="8" mb="0" cb="0"/>
            <line nr="49" mi="0" ci="2" mb="0" cb="0"/>
            <line nr="53" mi="0" ci="3" mb="0" cb="0"/>
            <line nr="57" mi="0" ci="3" mb="0" cb="0"/>
            <counter type="INSTRUCTION" missed="0" covered="47"/>
            <counter type="LINE" missed="0" covered="11"/>
            <counter type="COMPLEXITY" missed="0" covered="4"/>
            <counter type="METHOD" missed="0" covered="4"/>
            <counter type="CLASS" missed="0" covered="1"/>
        </sourcefile>
        <sourcefile name="Score.java">
            <line nr="21" mi="0" ci="2" mb="0" cb="0"/>
            <line nr="22" mi="0" ci="3" mb="0" cb="0"/>
            <line nr="23" mi="0" ci="3" mb="0" cb="0"/>
            <line nr="25" mi="0" ci="3" mb="0" cb="0"/>
            <line nr="26" mi="0" ci="3" mb="0" cb="0"/>
            <line nr="27" mi="0" ci="1" mb="0" cb="0"/>
            <line nr="30" mi="0" ci="3" mb="0" cb="0"/>
            <line nr="34" mi="0" ci="3" mb="0" cb="0"/>
            <line nr="38" mi="0" ci="3" mb="0" cb="0"/>
            <line nr="42" mi="0" ci="3" mb="0" cb="0"/>
            <line nr="43" mi="0" ci="1" mb="0" cb="0"/>
            <counter type="INSTRUCTION" missed="0" covered="28"/>
            <counter type="LINE" missed="0" covered="11"/>
            <counter type="COMPLEXITY" missed="0" covered="5"/>
            <counter type="METHOD" missed="0" covered="5"/>
            <counter type="CLASS" missed="0" covered="1"/>
        </sourcefile>
        <sourcefile name="Configuration.java">
            <line nr="18" mi="0" ci="2" mb="0" cb="0"/>
            <line nr="19" mi="0" ci="3" mb="0" cb="0"/>
            <line nr="20" mi="0" ci="1" mb="0" cb="0"/>
            <line nr="23" mi="0" ci="3" mb="0" cb="0"/>
            <line nr="24" mi="0" ci="1" mb="0" cb="0"/>
            <line nr="27" mi="0" ci="3" mb="0" cb="0"/>
            <line nr="52" mi="0" ci="3" mb="0" cb="0"/>
            <line nr="64" mi="0" ci="3" mb="0" cb="0"/>
            <line nr="66" mi="0" ci="2" mb="0" cb="0"/>
            <line nr="70" mi="0" ci="3" mb="0" cb="0"/>
            <counter type="INSTRUCTION" missed="0" covered="24"/>
            <counter type="LINE" missed="0" covered="10"/>
            <counter type="COMPLEXITY" missed="0" covered="6"/>
            <counter type="METHOD" missed="0" covered="6"/>
            <counter type="CLASS" missed="0" covered="2"/>
        </sourcefile>
        <sourcefile name="CoverageConfiguration.java">
            <line nr="30" mi="0" ci="5" mb="0" cb="0"/>
            <line nr="37" mi="0" ci="5" mb="0" cb="0"/>
            <line nr="38" mi="0" ci="1" mb="0" cb="0"/>
            <line nr="42" mi="0" ci="3" mb="0" cb="0"/>
            <line nr="44" mi="0" ci="3" mb="0" cb="0"/>
            <line nr="45" mi="0" ci="3" mb="0" cb="0"/>
            <line nr="46" mi="0" ci="1" mb="0" cb="0"/>
            <line nr="49" mi="0" ci="3" mb="0" cb="0"/>
            <line nr="54" mi="0" ci="3" mb="0" cb="0"/>
            <line nr="55" mi="0" ci="1" mb="0" cb="0"/>
            <line nr="58" mi="0" ci="3" mb="0" cb="0"/>
            <line nr="63" mi="0" ci="3" mb="0" cb="0"/>
            <line nr="64" mi="0" ci="1" mb="0" cb="0"/>
            <line nr="89" mi="0" ci="2" mb="0" cb="0"/>
            <line nr="90" mi="0" ci="3" mb="0" cb="0"/>
            <line nr="91" mi="0" ci="4" mb="0" cb="0"/>
            <line nr="95" mi="0" ci="5" mb="0" cb="0"/>
            <line nr="107" mi="0" ci="3" mb="0" cb="0"/>
            <line nr="108" mi="0" ci="2" mb="0" cb="0"/>
            <line nr="120" mi="0" ci="3" mb="0" cb="0"/>
            <line nr="121" mi="0" ci="2" mb="0" cb="0"/>
            <line nr="130" mi="0" ci="11" mb="0" cb="0"/>
            <counter type="INSTRUCTION" missed="0" covered="70"/>
            <counter type="LINE" missed="0" covered="22"/>
            <counter type="COMPLEXITY" missed="0" covered="12"/>
            <counter type="METHOD" missed="0" covered="12"/>
            <counter type="CLASS" missed="0" covered="2"/>
        </sourcefile>
        <sourcefile name="AutoGrader.java">
            <line nr="51" mi="0" ci="2" mb="0" cb="0"/>
            <line nr="53" mi="0" ci="3" mb="0" cb="0"/>
            <line nr="54" mi="0" ci="1" mb="0" cb="0"/>
            <line nr="57" mi="0" ci="3" mb="0" cb="0"/>
            <line nr="63" mi="0" ci="6" mb="0" cb="0"/>
            <line nr="64" mi="0" ci="10" mb="0" cb="0"/>
            <line nr="67" mi="0" ci="4" mb="0" cb="0"/>
            <line nr="69" mi="0" ci="4" mb="0" cb="0"/>
            <line nr="70" mi="0" ci="5" mb="0" cb="0"/>
            <line nr="71" mi="0" ci="2" mb="0" cb="2"/>
            <line nr="72" mi="0" ci="6" mb="0" cb="0"/>
            <line nr="75" mi="0" ci="6" mb="0" cb="0"/>
            <line nr="78" mi="0" ci="5" mb="0" cb="0"/>
            <line nr="79" mi="0" ci="2" mb="0" cb="2"/>
            <line nr="80" mi="0" ci="6" mb="0" cb="0"/>
            <line nr="83" mi="0" ci="6" mb="0" cb="0"/>
            <line nr="86" mi="0" ci="5" mb="0" cb="0"/>
            <line nr="87" mi="0" ci="2" mb="1" cb="1"/>
            <line nr="88" mi="0" ci="6" mb="0" cb="0"/>
            <line nr="91" mi="6" ci="0" mb="0" cb="0"/>
            <line nr="94" mi="0" ci="5" mb="0" cb="0"/>
            <line nr="95" mi="0" ci="2" mb="1" cb="1"/>
            <line nr="96" mi="0" ci="6" mb="0" cb="0"/>
            <line nr="99" mi="6" ci="0" mb="0" cb="0"/>
            <line nr="102" mi="0" ci="7" mb="0" cb="0"/>
            <line nr="104" mi="0" ci="1" mb="0" cb="0"/>
            <line nr="105" mi="0" ci="14" mb="0" cb="0"/>
            <line nr="106" mi="0" ci="1" mb="0" cb="0"/>
            <line nr="107" mi="0" ci="1" mb="0" cb="0"/>
            <line nr="112" mi="5" ci="0" mb="0" cb="0"/>
            <line nr="113" mi="2" ci="0" mb="2" cb="0"/>
            <line nr="114" mi="5" ci="0" mb="0" cb="0"/>
            <line nr="118" mi="13" ci="0" mb="0" cb="0"/>
            <line nr="119" mi="3" ci="0" mb="0" cb="0"/>
            <line nr="120" mi="6" ci="0" mb="0" cb="0"/>
            <line nr="121" mi="5" ci="0" mb="0" cb="0"/>
            <line nr="123" mi="8" ci="0" mb="0" cb="0"/>
            <line nr="124" mi="18" ci="0" mb="0" cb="0"/>
            <line nr="125" mi="9" ci="0" mb="0" cb="0"/>
            <line nr="126" mi="12" ci="0" mb="0" cb="0"/>
            <line nr="127" mi="1" ci="0" mb="0" cb="0"/>
            <line nr="132" mi="5" ci="0" mb="0" cb="0"/>
            <line nr="133" mi="2" ci="0" mb="2" cb="0"/>
            <line nr="134" mi="5" ci="0" mb="0" cb="0"/>
            <line nr="138" mi="13" ci="0" mb="0" cb="0"/>
            <line nr="139" mi="3" ci="0" mb="0" cb="0"/>
            <line nr="141" mi="6" ci="0" mb="0" cb="0"/>
            <line nr="142" mi="8" ci="0" mb="0" cb="0"/>
            <line nr="143" mi="9" ci="0" mb="0" cb="0"/>
            <line nr="145" mi="6" ci="0" mb="0" cb="0"/>
            <line nr="146" mi="8" ci="0" mb="0" cb="0"/>
            <line nr="147" mi="9" ci="0" mb="0" cb="0"/>
            <line nr="149" mi="14" ci="0" mb="0" cb="0"/>
            <line nr="151" mi="12" ci="0" mb="0" cb="0"/>
            <line nr="152" mi="1" ci="0" mb="0" cb="0"/>
            <line nr="156" mi="11" ci="0" mb="0" cb="0"/>
            <line nr="162" mi="0" ci="5" mb="0" cb="0"/>
            <line nr="163" mi="0" ci="2" mb="0" cb="2"/>
            <line nr="164" mi="0" ci="5" mb="0" cb="0"/>
            <line nr="168" mi="0" ci="13" mb="0" cb="0"/>
            <line nr="169" mi="0" ci="3" mb="0" cb="0"/>
            <line nr="170" mi="0" ci="6" mb="0" cb="0"/>
            <line nr="171" mi="0" ci="5" mb="0" cb="0"/>
            <line nr="173" mi="0" ci="8" mb="0" cb="0"/>
            <line nr="174" mi="0" ci="18" mb="0" cb="0"/>
            <line nr="175" mi="0" ci="9" mb="0" cb="0"/>
            <line nr="176" mi="0" ci="12" mb="0" cb="0"/>
            <line nr="177" mi="0" ci="1" mb="0" cb="0"/>
            <line nr="182" mi="0" ci="4" mb="0" cb="0"/>
            <line nr="183" mi="0" ci="3" mb="0" cb="0"/>
            <line nr="184" mi="0" ci="4" mb="0" cb="0"/>
            <line nr="185" mi="0" ci="10" mb="0" cb="2"/>
            <line nr="186" mi="0" ci="4" mb="0" cb="0"/>
            <line nr="187" mi="0" ci="12" mb="0" cb="0"/>
            <line nr="188" mi="0" ci="8" mb="0" cb="0"/>
            <line nr="189" mi="0" ci="4" mb="0" cb="0"/>
            <line nr="190" mi="0" ci="8" mb="0" cb="0"/>
            <line nr="191" mi="0" ci="18" mb="0" cb="0"/>
            <line nr="192" mi="0" ci="9" mb="0" cb="0"/>
            <line nr="193" mi="0" ci="1" mb="0" cb="0"/>
            <line nr="194" mi="0" ci="5" mb="0" cb="0"/>
            <line nr="195" mi="0" ci="8" mb="0" cb="0"/>
            <line nr="196" mi="0" ci="8" mb="0" cb="0"/>
            <line nr="197" mi="0" ci="1" mb="0" cb="0"/>
            <line nr="201" mi="0" ci="4" mb="0" cb="0"/>
            <line nr="208" mi="0" ci="3" mb="0" cb="0"/>
            <line nr="212" mi="2" ci="0" mb="0" cb="0"/>
            <line nr="217" mi="2" ci="0" mb="0" cb="0"/>
            <counter type="INSTRUCTION" missed="215" covered="322"/>
            <counter type="BRANCH" missed="6" covered="10"/>
            <counter type="LINE" missed="31" covered="57"/>
            <counter type="COMPLEXITY" missed="9" covered="11"/>
            <counter type="METHOD" missed="5" covered="7"/>
            <counter type="CLASS" missed="0" covered="2"/>
        </sourcefile>
        <sourcefile name="AnalysisConfiguration.java">
            <line nr="33" mi="0" ci="5" mb="0" cb="0"/>
            <line nr="40" mi="0" ci="7" mb="0" cb="0"/>
            <line nr="41" mi="0" ci="1" mb="0" cb="0"/>
            <line nr="45" mi="0" ci="3" mb="0" cb="0"/>
            <line nr="47" mi="0" ci="3" mb="0" cb="0"/>
            <line nr="48" mi="0" ci="3" mb="0" cb="0"/>
            <line nr="49" mi="0" ci="3" mb="0" cb="0"/>
            <line nr="50" mi="0" ci="3" mb="0" cb="0"/>
            <line nr="51" mi="0" ci="1" mb="0" cb="0"/>
            <line nr="54" mi="0" ci="3" mb="0" cb="0"/>
            <line nr="59" mi="0" ci="3" mb="0" cb="0"/>
            <line nr="60" mi="0" ci="1" mb="0" cb="0"/>
            <line nr="63" mi="0" ci="3" mb="0" cb="0"/>
            <line nr="68" mi="0" ci="3" mb="0" cb="0"/>
            <line nr="69" mi="0" ci="1" mb="0" cb="0"/>
            <line nr="72" mi="0" ci="3" mb="0" cb="0"/>
            <line nr="77" mi="0" ci="3" mb="0" cb="0"/>
            <line nr="78" mi="0" ci="1" mb="0" cb="0"/>
            <line nr="82" mi="0" ci="3" mb="0" cb="0"/>
            <line nr="83" mi="0" ci="1" mb="0" cb="0"/>
            <line nr="86" mi="0" ci="3" mb="0" cb="0"/>
            <line nr="115" mi="0" ci="3" mb="0" cb="0"/>
            <line nr="123" mi="0" ci="5" mb="0" cb="0"/>
            <line nr="135" mi="0" ci="3" mb="0" cb="0"/>
            <line nr="136" mi="0" ci="2" mb="0" cb="0"/>
            <line nr="148" mi="0" ci="3" mb="0" cb="0"/>
            <line nr="149" mi="0" ci="2" mb="0" cb="0"/>
            <line nr="161" mi="0" ci="3" mb="0" cb="0"/>
            <line nr="162" mi="0" ci="2" mb="0" cb="0"/>
            <line nr="174" mi="0" ci="3" mb="0" cb="0"/>
            <line nr="175" mi="0" ci="2" mb="0" cb="0"/>
            <line nr="184" mi="0" ci="15" mb="0" cb="0"/>
            <counter type="INSTRUCTION" missed="0" covered="100"/>
            <counter type="LINE" missed="0" covered="32"/>
            <counter type="COMPLEXITY" missed="0" covered="18"/>
            <counter type="METHOD" missed="0" covered="18"/>
            <counter type="CLASS" missed="0" covered="2"/>
        </sourcefile>
        <sourcefile name="PercentagePieChart.java">
            <line nr="12" mi="3" ci="0" mb="0" cb="0"/>
            <line nr="22" mi="5" ci="0" mb="0" cb="0"/>
            <line nr="24" mi="4" ci="0" mb="0" cb="0"/>
            <line nr="25" mi="8" ci="0" mb="0" cb="0"/>
            <line nr="26" mi="10" ci="0" mb="0" cb="0"/>
            <line nr="28" mi="2" ci="0" mb="0" cb="0"/>
            <line nr="32" mi="3" ci="0" mb="2" cb="0"/>
            <line nr="33" mi="2" ci="0" mb="0" cb="0"/>
            <line nr="35" mi="3" ci="0" mb="2" cb="0"/>
            <line nr="36" mi="2" ci="0" mb="0" cb="0"/>
            <line nr="39" mi="2" ci="0" mb="0" cb="0"/>
            <counter type="INSTRUCTION" missed="44" covered="0"/>
            <counter type="BRANCH" missed="4" covered="0"/>
            <counter type="LINE" missed="11" covered="0"/>
            <counter type="COMPLEXITY" missed="5" covered="0"/>
            <counter type="METHOD" missed="3" covered="0"/>
            <counter type="CLASS" missed="1" covered="0"/>
        </sourcefile>
        <sourcefile name="TestScore.java">
            <line nr="35" mi="0" ci="5" mb="0" cb="0"/>
            <line nr="37" mi="0" ci="4" mb="0" cb="0"/>
            <line nr="38" mi="0" ci="4" mb="0" cb="0"/>
            <line nr="39" mi="0" ci="4" mb="0" cb="0"/>
            <line nr="40" mi="0" ci="10" mb="0" cb="0"/>
            <line nr="42" mi="0" ci="5" mb="0" cb="0"/>
            <line nr="43" mi="0" ci="1" mb="0" cb="0"/>
            <line nr="46" mi="0" ci="2" mb="0" cb="0"/>
            <line nr="47" mi="0" ci="8" mb="0" cb="0"/>
            <line nr="48" mi="0" ci="8" mb="0" cb="0"/>
            <line nr="49" mi="0" ci="8" mb="0" cb="0"/>
            <line nr="51" mi="0" ci="2" mb="0" cb="0"/>
            <line nr="55" mi="0" ci="3" mb="0" cb="0"/>
            <line nr="59" mi="0" ci="3" mb="0" cb="0"/>
            <line nr="63" mi="0" ci="3" mb="0" cb="0"/>
            <line nr="67" mi="0" ci="3" mb="0" cb="0"/>
            <counter type="INSTRUCTION" missed="0" covered="73"/>
            <counter type="LINE" missed="0" covered="16"/>
            <counter type="COMPLEXITY" missed="0" covered="6"/>
            <counter type="METHOD" missed="0" covered="6"/>
            <counter type="CLASS" missed="0" covered="1"/>
        </sourcefile>
        <sourcefile name="TestConfiguration.java">
            <line nr="31" mi="0" ci="5" mb="0" cb="0"/>
            <line nr="39" mi="0" ci="6" mb="0" cb="0"/>
            <line nr="40" mi="0" ci="1" mb="0" cb="0"/>
            <line nr="44" mi="0" ci="3" mb="0" cb="0"/>
            <line nr="46" mi="0" ci="3" mb="0" cb="0"/>
            <line nr="47" mi="0" ci="3" mb="0" cb="0"/>
            <line nr="48" mi="0" ci="3" mb="0" cb="0"/>
            <line nr="49" mi="0" ci="1" mb="0" cb="0"/>
            <line nr="52" mi="0" ci="3" mb="0" cb="0"/>
            <line nr="57" mi="0" ci="3" mb="0" cb="0"/>
            <line nr="58" mi="0" ci="1" mb="0" cb="0"/>
            <line nr="61" mi="0" ci="3" mb="0" cb="0"/>
            <line nr="66" mi="0" ci="3" mb="0" cb="0"/>
            <line nr="67" mi="0" ci="1" mb="0" cb="0"/>
            <line nr="70" mi="0" ci="3" mb="0" cb="0"/>
            <line nr="75" mi="0" ci="3" mb="0" cb="0"/>
            <line nr="76" mi="0" ci="1" mb="0" cb="0"/>
            <line nr="103" mi="0" ci="3" mb="0" cb="0"/>
            <line nr="110" mi="0" ci="5" mb="0" cb="0"/>
            <line nr="122" mi="0" ci="3" mb="0" cb="0"/>
            <line nr="123" mi="0" ci="2" mb="0" cb="0"/>
            <line nr="135" mi="0" ci="3" mb="0" cb="0"/>
            <line nr="136" mi="0" ci="2" mb="0" cb="0"/>
            <line nr="148" mi="0" ci="3" mb="0" cb="0"/>
            <line nr="149" mi="0" ci="2" mb="0" cb="0"/>
            <line nr="158" mi="0" ci="13" mb="0" cb="0"/>
            <counter type="INSTRUCTION" missed="0" covered="82"/>
            <counter type="LINE" missed="0" covered="26"/>
            <counter type="COMPLEXITY" missed="0" covered="15"/>
            <counter type="METHOD" missed="0" covered="15"/>
            <counter type="CLASS" missed="0" covered="2"/>
        </sourcefile>
        <sourcefile name="AnalysisScore.java">
            <line nr="37" mi="0" ci="5" mb="0" cb="0"/>
            <line nr="39" mi="0" ci="4" mb="0" cb="0"/>
            <line nr="40" mi="0" ci="4" mb="0" cb="0"/>
            <line nr="41" mi="0" ci="4" mb="0" cb="0"/>
            <line nr="42" mi="0" ci="4" mb="0" cb="0"/>
            <line nr="43" mi="0" ci="4" mb="0" cb="0"/>
            <line nr="45" mi="0" ci="5" mb="0" cb="0"/>
            <line nr="46" mi="0" ci="1" mb="0" cb="0"/>
            <line nr="49" mi="0" ci="2" mb="0" cb="0"/>
            <line nr="51" mi="0" ci="8" mb="0" cb="0"/>
            <line nr="52" mi="0" ci="8" mb="0" cb="0"/>
            <line nr="53" mi="0" ci="8" mb="0" cb="0"/>
            <line nr="54" mi="0" ci="8" mb="0" cb="0"/>
            <line nr="56" mi="0" ci="2" mb="0" cb="0"/>
            <line nr="60" mi="0" ci="3" mb="0" cb="0"/>
            <line nr="64" mi="0" ci="3" mb="0" cb="0"/>
            <line nr="68" mi="0" ci="3" mb="0" cb="0"/>
            <line nr="72" mi="0" ci="3" mb="0" cb="0"/>
            <line nr="76" mi="3" ci="0" mb="0" cb="0"/>
            <counter type="INSTRUCTION" missed="3" covered="79"/>
            <counter type="LINE" missed="1" covered="18"/>
            <counter type="COMPLEXITY" missed="1" covered="6"/>
            <counter type="METHOD" missed="1" covered="6"/>
            <counter type="CLASS" missed="0" covered="1"/>
        </sourcefile>
        <sourcefile name="PitScore.java">
            <line nr="39" mi="0" ci="5" mb="0" cb="0"/>
            <line nr="41" mi="0" ci="6" mb="0" cb="0"/>
            <line nr="42" mi="0" ci="6" mb="0" cb="0"/>
            <line nr="43" mi="0" ci="7" mb="0" cb="0"/>
            <line nr="44" mi="0" ci="11" mb="0" cb="0"/>
            <line nr="46" mi="0" ci="5" mb="0" cb="0"/>
            <line nr="47" mi="0" ci="1" mb="0" cb="0"/>
            <line nr="50" mi="0" ci="2" mb="0" cb="0"/>
            <line nr="52" mi="0" ci="8" mb="0" cb="0"/>
            <line nr="53" mi="0" ci="8" mb="0" cb="0"/>
            <line nr="54" mi="0" ci="8" mb="0" cb="0"/>
            <line nr="56" mi="0" ci="2" mb="0" cb="0"/>
            <line nr="60" mi="0" ci="3" mb="0" cb="0"/>
            <line nr="64" mi="0" ci="3" mb="0" cb="0"/>
            <line nr="68" mi="0" ci="3" mb="0" cb="0"/>
            <line nr="72" mi="0" ci="3" mb="0" cb="0"/>
            <counter type="INSTRUCTION" missed="0" covered="81"/>
            <counter type="LINE" missed="0" covered="16"/>
            <counter type="COMPLEXITY" missed="0" covered="6"/>
            <counter type="METHOD" missed="0" covered="6"/>
            <counter type="CLASS" missed="0" covered="1"/>
        </sourcefile>
        <sourcefile name="AggregatedScore.java">
            <line nr="18" mi="0" ci="2" mb="0" cb="0"/>
            <line nr="21" mi="0" ci="5" mb="0" cb="0"/>
            <line nr="22" mi="0" ci="5" mb="0" cb="0"/>
            <line nr="25" mi="0" ci="5" mb="0" cb="0"/>
            <line nr="26" mi="0" ci="5" mb="0" cb="0"/>
            <line nr="29" mi="0" ci="5" mb="0" cb="0"/>
            <line nr="30" mi="0" ci="5" mb="0" cb="0"/>
            <line nr="33" mi="0" ci="5" mb="0" cb="0"/>
            <line nr="34" mi="0" ci="6" mb="0" cb="0"/>
            <line nr="43" mi="0" ci="12" mb="0" cb="0"/>
            <line nr="52" mi="0" ci="10" mb="0" cb="0"/>
            <line nr="53" mi="0" ci="6" mb="0" cb="0"/>
            <line nr="57" mi="0" ci="3" mb="0" cb="0"/>
            <line nr="61" mi="0" ci="8" mb="0" cb="0"/>
            <line nr="65" mi="0" ci="3" mb="0" cb="0"/>
            <line nr="69" mi="0" ci="8" mb="0" cb="0"/>
            <line nr="73" mi="0" ci="3" mb="0" cb="0"/>
            <line nr="77" mi="0" ci="8" mb="0" cb="0"/>
            <line nr="81" mi="0" ci="3" mb="0" cb="0"/>
            <line nr="85" mi="0" ci="8" mb="0" cb="0"/>
            <line nr="94" mi="0" ci="7" mb="0" cb="0"/>
            <line nr="98" mi="0" ci="2" mb="0" cb="2"/>
            <line nr="99" mi="0" ci="2" mb="0" cb="0"/>
            <line nr="101" mi="0" ci="6" mb="0" cb="0"/>
            <line nr="105" mi="0" ci="3" mb="0" cb="0"/>
            <line nr="109" mi="0" ci="3" mb="0" cb="0"/>
            <line nr="113" mi="0" ci="3" mb="0" cb="0"/>
            <line nr="117" mi="0" ci="3" mb="0" cb="0"/>
            <line nr="121" mi="0" ci="3" mb="0" cb="0"/>
            <line nr="125" mi="0" ci="3" mb="0" cb="0"/>
            <line nr="129" mi="0" ci="3" mb="0" cb="0"/>
            <line nr="133" mi="0" ci="3" mb="0" cb="0"/>
            <line nr="147" mi="0" ci="5" mb="0" cb="0"/>
            <line nr="148" mi="0" ci="3" mb="0" cb="0"/>
            <line nr="150" mi="0" ci="4" mb="0" cb="0"/>
            <line nr="152" mi="0" ci="8" mb="0" cb="0"/>
            <line nr="153" mi="0" ci="3" mb="0" cb="0"/>
            <line nr="167" mi="0" ci="5" mb="0" cb="0"/>
            <line nr="168" mi="0" ci="3" mb="0" cb="0"/>
            <line nr="170" mi="0" ci="8" mb="0" cb="0"/>
            <line nr="171" mi="0" ci="3" mb="0" cb="0"/>
            <line nr="185" mi="0" ci="5" mb="0" cb="0"/>
            <line nr="186" mi="0" ci="3" mb="0" cb="0"/>
            <line nr="188" mi="0" ci="5" mb="0" cb="0"/>
            <line nr="190" mi="0" ci="7" mb="0" cb="0"/>
            <line nr="191" mi="0" ci="3" mb="0" cb="0"/>
            <line nr="205" mi="0" ci="3" mb="0" cb="0"/>
            <line nr="206" mi="0" ci="5" mb="0" cb="0"/>
            <line nr="208" mi="0" ci="8" mb="0" cb="0"/>
            <line nr="209" mi="0" ci="3" mb="0" cb="0"/>
            <line nr="213" mi="0" ci="2" mb="0" cb="2"/>
            <line nr="214" mi="0" ci="6" mb="0" cb="0"/>
            <line nr="217" mi="0" ci="4" mb="0" cb="0"/>
            <line nr="222" mi="0" ci="2" mb="0" cb="0"/>
            <line nr="223" mi="0" ci="10" mb="0" cb="2"/>
            <line nr="224" mi="0" ci="5" mb="0" cb="0"/>
            <line nr="225" mi="0" ci="1" mb="0" cb="0"/>
            <line nr="226" mi="0" ci="2" mb="0" cb="0"/>
            <counter type="INSTRUCTION" missed="0" covered="272"/>
            <counter type="BRANCH" missed="0" covered="6"/>
            <counter type="LINE" missed="0" covered="58"/>
            <counter type="COMPLEXITY" missed="0" covered="30"/>
            <counter type="METHOD" missed="0" covered="27"/>
            <counter type="CLASS" missed="0" covered="1"/>
        </sourcefile>
        <counter type="INSTRUCTION" missed="262" covered="1298"/>
        <counter type="BRANCH" missed="10" covered="16"/>
        <counter type="LINE" missed="43" covered="315"/>
        <counter type="COMPLEXITY" missed="15" covered="137"/>
        <counter type="METHOD" missed="9" covered="130"/>
        <counter type="CLASS" missed="1" covered="19"/>
    </package>
    <counter type="INSTRUCTION" missed="262" covered="1298"/>
    <counter type="BRANCH" missed="10" covered="16"/>
    <counter type="LINE" missed="43" covered="315"/>
    <counter type="COMPLEXITY" missed="15" covered="137"/>
    <counter type="METHOD" missed="9" covered="130"/>
    <counter type="CLASS" missed="1" covered="19"/>
</report>